128 [0,-1,0,-9,-7]
256 [0,-1,0,-3,-1]
128 [0,-1,0,-2,2]
128 [0,-1,0,1,-1]
128 [0,-1,0,3,5]
64 [0,0,0,-44,-112]
64 [0,0,0,-44,112]
32 [0,0,0,-11,-14]
32 [0,0,0,-11,14]
256 [0,0,0,-8,0]
64 [0,0,0,-4,0]
256 [0,0,0,-2,0]
32 [0,0,0,-1,0]
64 [0,0,0,1,0]
256 [0,0,0,2,0]
32 [0,0,0,4,0]
256 [0,0,0,8,0]
256 [0,1,0,-13,-21]
128 [0,1,0,-9,7]
256 [0,1,0,-3,1]
128 [0,1,0,-2,-2]
128 [0,1,0,1,1]
128 [0,1,0,3,-5]
27 [0,0,1,-30,63]
243 [0,0,1,0,-61]
27 [0,0,1,0,-7]
243 [0,0,1,0,-1]
27 [0,0,1,0,0]
243 [0,0,1,0,2]
243 [0,0,1,0,20]
121 [1,1,0,-3632,82757]
121 [1,1,0,-2,-7]
121 [1,1,1,-305,7888]
121 [1,1,1,-30,-76]
1369 [1,-1,0,-2276219,-1321241558]
1369 [1,-1,0,3166,-59359]
1369 [1,-1,1,-1663,-25680]
1369 [1,-1,1,2,-2]
2809 [1,-1,0,878,50957]
53 [1,-1,1,0,0]
6241 [1,0,0,-12612,-503791]
79 [1,1,1,-2,0]
6889 [1,1,0,6746,134507]
83 [1,1,1,1,0]
19321 [1,0,0,-68026,6991239]
139 [1,1,0,-3,-4]
24649 [1,1,0,-42,125]
24649 [1,1,1,-1048096,551582926]
32041 [1,-1,0,-11,-14]
32041 [1,-1,1,-358459,96335772]
229 [1,0,0,-2,-1]
52441 [1,0,1,-105975,-10002423]
76729 [1,0,0,-75,-256]
76729 [1,0,1,-5756274,-5308624857]
128881 [1,0,1,-2902508,-1903078401]
359 [1,0,1,-23,39]
185761 [1,-1,1,-1613799,793527454]
431 [1,-1,1,-9,-8]
185761 [1,0,0,-3870,79970003]
431 [1,0,0,0,-1]
187489 [1,0,0,-3906,81276373]
433 [1,0,0,0,1]
196249 [1,0,0,-19923362,34277289061]
196249 [1,0,0,-16390880,25540283581]
196249 [1,0,1,-102,-403]
443 [1,0,1,-84,-301]
253009 [1,0,0,-53137161,149084646488]
503 [1,0,0,-210,-1189]
253009 [1,0,1,-7975055,8669015893]
503 [1,0,1,-32,-71]
310249 [1,0,0,-161588,197796485]
557 [1,1,0,0,1]
593 [1,0,1,-2,1]
351649 [1,1,0,-534799,286744322]
643 [1,0,0,-4,3]
413449 [1,1,0,-1662409,-887159388]
659 [1,1,0,-79,-306]
434281 [1,1,1,-34534387,78098246830]
546121 [1,-1,0,-46,127]
546121 [1,-1,1,-25223964,-46594966922]
797 [1,0,0,2,1]
635209 [1,1,0,1257185,422994422]
786769 [1,1,0,19,-22]
786769 [1,1,0,14538836,20782861461]
1371241 [1,-1,0,-3685210,653246357]
1171 [1,-1,1,-3,0]
1408969 [1,-1,0,440303,2769878948]
1187 [1,-1,1,0,-2]
1682209 [1,1,1,-45454689,-180158397304]
1682209 [1,1,1,-27,-94]
1321 [1,1,0,3,2]
1745041 [1,1,0,4326248,2064208797]
1868689 [1,1,0,29,42]
1868689 [1,1,0,53218706,-76769460951]
2070721 [1,1,1,30,-16]
2070721 [1,1,1,62078490,84393982724]
2582449 [1,0,0,-18130944,30772819463]
1607 [1,0,0,-7,-8]
2627641 [1,-1,0,-9689426,14244811373]
1621 [1,-1,1,-4,4]
2647129 [1,0,1,-7996536,2426937807]
1627 [1,1,1,-3,-2]
3613801 [1,0,0,-106682417,-424372317514]
1901 [1,1,0,-29,-74]
3659569 [1,0,1,-741138964,7765955717959]
1913 [1,1,0,-202,1025]
4068289 [1,1,1,-170952894,325584535354]
4068289 [1,1,1,-42,22]
4363921 [1,-1,0,-934697329,-10998783871984]
2089 [1,-1,0,-214,-1153]
4363921 [1,1,1,-21910520,-34015625232]
2089 [1,1,1,-5,-6]
2161 [1,-1,0,1,2]
4669921 [1,-1,0,3794311,22390009202]
2213 [1,-1,0,-26,-45]
4897369 [1,-1,1,-128249851,-558457317458]
5067001 [1,-1,0,-712863703,-7220774665512]
5067001 [1,-1,1,-141,668]
2557 [1,0,0,-5,-4]
6538249 [1,0,1,-32827459,-59890637051]
6806881 [1,0,1,-10352132,45486411103]
2609 [1,1,0,-1,2]
7230721 [1,1,1,-405071016,-1876075158728]
7230721 [1,1,1,-56,-120]
7557001 [1,0,0,-11492939,-54509177378]
2749 [1,0,1,-2,-3]
8720209 [1,0,1,-536474525,-3080451621869]
8720209 [1,0,1,-62,-125]
9138529 [1,-1,1,-33698326,18137838222]
3023 [1,-1,1,-4,0]
3163 [1,0,1,3,-1]
10004569 [1,1,1,34807563,32940848198]
10426441 [1,1,0,-10561,413370]
10426441 [1,1,1,-110119073839,14065026410225806]
3257 [1,0,1,-9,9]
10608049 [1,1,0,-90389417,344066881930]
10975969 [1,0,1,-60596496,207611361947]
3313 [1,0,1,-6,5]
3469 [1,0,0,-26,49]
12033961 [1,0,1,-313133694,2136016203713]
3547 [1,-1,0,4,-1]
12581209 [1,-1,1,47965859,1382556920]
17048641 [1,0,0,-1466538306,16483849822499]
17048641 [1,0,0,-86,227]
17297281 [1,-1,0,-126325286383,-17281552582116430]
4159 [1,-1,0,-7303,242050]
17648401 [1,1,0,-1544602762,27757326849513]
17648401 [1,1,0,-87,338]
18809569 [1,-1,1,-50550717,293180343510]
4337 [1,-1,1,-3,4]
19562929 [1,0,0,-645,6248]
19562929 [1,1,1,-12618496766,-545275840107078]
20079361 [1,-1,1,-254756893,1538084386180]
4481 [1,-1,1,-13,20]
20079361 [1,0,0,-120894486,421646490019]
4481 [1,1,1,-6,2]
4493 [1,0,0,-32,67]
20187049 [1,1,0,-646406131,6318630952044]
20367169 [1,1,1,-1914938202,-37930085243800]
20367169 [1,1,1,-94,-452]
23030401 [1,0,0,-714422231,-7359170173936]
4799 [1,0,0,-31,64]
27133681 [1,0,1,-2944569674,-50275664399297]
27133681 [1,0,1,-109,-365]
28121809 [1,1,0,-127134011,177211450946]
5303 [1,1,0,-4,-3]
29343889 [1,-1,0,-210909202,1306471092473]
5417 [1,-1,0,-7,10]
29343889 [1,0,0,87420336,466756108073]
5417 [1,1,1,3,4]
29626249 [1,0,0,103074658,406693904527]
5443 [1,1,0,4,-1]
29691601 [1,0,1,-3370615289,62241688289623]
29691601 [1,0,1,-114,375]
32684089 [1,0,0,-147759319,-969538565282]
5717 [1,1,0,-4,-7]
5867 [1,-1,0,-1,4]
34421689 [1,-1,1,-40875756,-750998964630]
35438209 [1,1,1,-4395076212,94478877877156]
35438209 [1,1,1,-124,396]
6011 [1,1,0,1,4]
36132121 [1,1,1,17313308,-809679785688]
6199 [1,0,0,-146,667]
38427601 [1,0,0,37627026,-897981539573]
38427601 [1,1,1,-5611230321,-161788738186930]
6199 [1,1,1,1,4]
39980329 [1,0,0,-2299701841,42458646824668]
6323 [1,0,1,-58,-173]
6451 [0,1,1,-242,-1533]
42941809 [1,1,0,-136,-747]
6571 [1,-1,1,-1,-4]
44609041 [1,1,1,-974,-12102]
44742721 [1,1,0,155667384,-909911096507]
6691 [0,1,1,5,2]
6691 [1,0,0,1,4]
44769481 [1,1,0,43836784,-1173576112105]
6823 [1,-1,1,-385,3000]
47596201 [0,1,1,31730801,-1310413758171]
6911 [1,1,1,-250,-1626]
6967 [1,-1,0,-17,32]
49266361 [0,1,1,180643324,-1034139691841]
7019 [1,0,0,-5,-2]
49266361 [1,0,1,-247358188,547096752099]
49801249 [1,0,0,-147,584]
49801249 [1,-1,0,-357946477,2185653093632]
7057 [1,-1,0,-7,8]
49801249 [1,-1,1,-3719530785,-87300804349184]
7057 [1,-1,1,-75,-230]
49801249 [1,0,0,-21813984588,-1240083612044209]
7057 [1,0,0,-438,-3565]
49801249 [1,1,0,-457948422705,-119281655928527576]
7057 [1,1,0,-9195,-343232]
7109 [0,0,1,-14,-20]
50537881 [1,0,0,-683314266,7027820865809]
7109 [1,1,0,-13,14]
7187 [0,1,1,-192,-1091]
7213 [0,-1,1,-117,528]
7219 [1,-1,1,-1,4]
53042089 [0,1,1,247529749,518733458593]
53246209 [1,0,0,-152,-815]
7451 [0,0,1,-7,8]
7541 [0,0,1,-23,42]
7669 [0,0,1,-7,-6]
58813561 [1,-1,0,-11024,448277]
58813561 [1,-1,1,-648371724007,200948474155238512]
58997761 [1,0,0,-160,849]
59151481 [0,1,1,276040245,-753919034978]
7699 [1,1,0,-16,-33]
7723 [0,0,1,-65,-202]
7723 [1,-1,0,1,4]
59644729 [1,-1,1,48461342,-1943321261556]
7757 [0,0,1,-5,-1]
7841 [1,1,1,-160,-846]
61889689 [1,-1,1,-492,4302]
7867 [0,0,1,1,4]
61889689 [0,0,1,61889689,-2069266279293]
8069 [1,1,1,-5,-2]
8101 [0,0,1,-16,24]
66699889 [1,1,0,-901838082,10689476872055]
8219 [0,-1,1,-21,45]
8237 [1,1,0,2,5]
67947049 [0,0,1,339735245,420065643680]
8363 [0,-1,1,-9,-9]
69939769 [1,0,0,-5981307328,-178032026871891]
8363 [1,0,1,-86,297]
70879561 [0,1,1,259891724,2083133890484]
8443 [0,1,1,2,-4]
72914521 [0,1,1,-534706487,-5505727546164]
8543 [1,1,0,-8,5]
8597 [1,1,1,-8,4]
8623 [1,0,1,-11,-15]
74356129 [1,1,0,-782288440,8895205940811]
8623 [1,1,0,-32,-85]
8699 [0,1,1,-31,57]
76230361 [0,1,1,50820241,2988907048572]
8747 [0,-1,1,-111,489]
8747 [0,-1,1,3,3]
76510009 [0,-1,1,204026691,-2794735647546]
76510009 [0,0,1,-123104604481,16624920088114585]
76510009 [0,0,1,-15684551845,756066036794809]
8747 [0,0,1,-1609,-24842]
8747 [0,0,1,-205,-1130]
77492809 [0,0,1,-852420899,10061995664998]
8803 [0,0,1,-11,-15]
77492809 [0,1,1,51661873,-3076060550157]
78517321 [0,1,1,-575793687,-4284158761029]
8929 [1,-1,1,-16,28]
8999 [1,-1,1,-97,-342]
9011 [1,0,1,-2,-5]
9109 [0,1,1,-20,28]
83302129 [1,-1,1,-307176601,-4062768482928]
9127 [1,-1,1,-40,106]
9127 [1,-1,1,-4,6]
83740801 [1,1,0,-1634690219,-25194077355830]
83923921 [1,1,1,-1428455072,21078969344202]
9203 [0,-1,1,-3,6]
9277 [0,-1,1,-13,-14]
86918329 [0,0,1,434591645,1418094267217]
9341 [0,0,1,-11,13]
9413 [1,1,0,-5,-4]
89624089 [1,0,1,-1704724860,-26798674417597]
9479 [1,0,0,-7,-6]
90079081 [1,0,1,268360595,3632530219375]
9539 [0,-1,1,-4,7]
9551 [1,1,0,-6,-7]
9587 [0,1,1,-12,13]
93103201 [1,1,1,-201,910]
9661 [0,1,1,-31,-78]
94497841 [1,0,1,-203,-1221]
96255721 [1,-1,1,-59022804921,5501205776931448]
96255721 [0,0,1,-2502648746,-48398700034964]
9811 [0,0,1,-26,51]
9811 [0,0,1,1,-5]
96255721 [0,0,1,96255721,4485733173972]
96255721 [1,0,1,479273277,-1985968144651]
9811 [1,1,1,5,4]
96609241 [0,0,1,-5023680532,136975794147063]
9829 [0,0,1,-187,984]
9829 [0,0,1,-52,144]
96609241 [0,1,1,-2157606382,-38308924805745]
9829 [0,1,1,-22,-48]
9901 [0,0,1,-373,-2773]
9923 [0,1,1,-13,-24]
98823481 [0,1,1,-625882046,-3756995152983]
99341089 [1,1,0,444965295,3093203896808]
