100180081 [1,1,0,-208,-1141]
10061 [0,0,1,-8,7]
10079 [1,-1,1,-33,80]
101828281 [1,0,1,-7537414217,-251922625583045]
10099 [0,1,1,4,-3]
10099 [1,0,1,-7,-5]
101989801 [1,1,1,-665058494,4333093061376]
10163 [1,0,1,-381,-2889]
105247081 [0,0,1,210494162,5128716568900]
10331 [0,0,1,-19,32]
10333 [0,-1,1,-28,67]
106770889 [0,0,1,-14841153571,-695883513200338]
106770889 [0,0,1,-10036463566,-386969706309978]
106770889 [0,0,1,-4270835560,107292384714598]
10333 [0,0,1,-139,-631]
10333 [0,0,1,-94,-351]
10333 [0,0,1,-40,97]
10333 [1,0,0,-17,-28]
106770889 [1,0,1,-1817329507,-29327298446651]
10357 [1,1,1,-2,4]
108722329 [0,-1,1,181203882,-5489854474485]
10499 [0,-1,1,-11,-12]
10567 [1,-1,0,-5,8]
10567 [1,-1,0,4,-5]
111661489 [1,-1,0,425709427,4756474107016]
10597 [0,1,1,-19,-39]
10639 [1,1,1,-4,4]
114297481 [1,-1,1,-478620702,-7293420487008]
115197289 [1,1,1,-635985033,-359454274102]
115627009 [1,0,0,-224,-1201]
10789 [0,1,1,-37,75]
116618401 [1,0,1,638971655,-998399353049]
10859 [0,1,1,-356,-2708]
10859 [0,1,1,1,-5]
117917881 [0,1,1,78611921,6414233759070]
119880601 [1,1,1,-1501005025,21384890672458]
10957 [1,1,1,-12,-22]
10979 [0,0,1,-28,57]
120714169 [0,1,1,-885237239,12145051425366]
11003 [1,1,1,-3,4]
122301481 [0,1,1,-1752987894,29066331910680]
11119 [1,1,0,-9,-14]
11171 [0,-1,1,-4,-5]
11177 [1,-1,1,-45,126]
11197 [1,-1,1,-6,0]
11251 [0,1,1,-25,-58]
128165041 [1,0,1,-1732898159,-26753832918555]
128165041 [1,0,1,702237620,-1966457659073]
11321 [1,1,0,-13,-24]
11321 [1,1,0,6,1]
128165041 [1,1,1,-3334961171,-73756662035120]
11353 [1,0,1,-7,-9]
11467 [1,-1,1,-6,2]
11483 [0,0,1,-112,456]
132181009 [1,1,0,-239,-1630]
137616361 [1,1,1,65941173,-8410057323748]
11789 [1,1,1,-7,-8]
140825689 [0,-1,1,516360860,7504657036297]
11909 [0,1,1,-10,8]
11923 [0,1,1,-59,156]
11939 [0,-1,1,-57,186]
11939 [0,-1,1,4,3]
11939 [0,-1,1,6,-3]
142539721 [0,-1,1,522645644,-7673949234032]
142539721 [0,-1,1,807725086,1402124960922]
143304841 [1,-1,1,-107218890726,-13476905274487972]
11971 [0,0,1,1,5]
143304841 [0,0,1,143304841,-9006386820958]
12007 [1,1,0,-6,1]
12011 [0,-1,1,-9,15]
146337409 [1,-1,1,777417485,-4259843105116]
12101 [1,1,0,-12,-23]
12163 [0,-1,1,-10,17]
147938569 [0,1,1,-1528698546,-24908549733282]
12163 [0,1,1,-53,-168]
147938569 [1,0,1,-594836330,11060703049659]
12163 [1,1,1,-4,-8]
148766809 [1,1,0,-3573502724,81653505788207]
12203 [0,-1,1,-230,1422]
12203 [1,-1,0,-521,4710]
148913209 [1,-1,1,-77611703116,-8322190046555980]
149108521 [0,1,1,-347919882,9997227924012]
149499529 [1,1,1,-54645192423,4916694139548842]
12277 [1,-1,1,2,-6]
12289 [1,0,0,-81,274]
12413 [1,1,0,-6,-11]
154579489 [1,0,0,-259,-1734]
157427209 [1,-1,1,-344372020,10925627870010]
12553 [1,1,0,-1,-6]
159239161 [0,0,1,-1273913288,-20596749469755]
12619 [0,0,1,-8,10]
159239161 [0,1,1,-1008514686,-16429360364691]
159239161 [1,-1,0,-129093197333,17852704440984532]
12619 [1,-1,1,-811,-8682]
12763 [1,-1,1,-7,10]
170119849 [0,-1,1,113413233,12183219621243]
170119849 [1,0,0,-5872678954,172791692180553]
13043 [1,0,1,-35,-81]
171426649 [1,0,1,-1374984581,-23190570985743]
171583801 [1,1,1,-11928648832,-501310715314098]
173633329 [1,0,1,-275,-1655]
180929401 [1,0,1,900877642,-8723433273761]
13523 [0,-1,1,-68,-195]
13523 [1,0,0,-33,-76]
182871529 [1,0,1,-6038570281,181141810598419]
13537 [1,-1,1,-19,36]
13619 [1,1,1,-47,-144]
13649 [1,1,1,-7,6]
187443481 [0,-1,1,1062179726,-5584408172105]
188320729 [1,0,1,1126001025,810686627009]
13723 [1,1,1,-10481,408636]
13723 [1,1,1,6,2]
190136521 [1,0,1,1136857948,1314025464243]
199007449 [0,1,1,-663358163,-17338503724848]
14149 [0,0,1,-7,4]
14173 [0,-1,1,-13,22]
205836409 [1,-1,1,-897,-10088]
14347 [0,0,1,1,-6]
205836409 [0,0,1,205836409,16980526019557]
14389 [1,1,1,-22,30]
207388801 [1,1,1,-300,-2242]
14411 [0,-1,1,-62,210]
14461 [1,1,1,5,-2]
14821 [0,-1,1,-6,0]
221741881 [1,0,1,-27057129105,1713159980771475]
14957 [0,0,1,-11,-13]
15013 [0,0,1,-25,-48]
226833721 [1,0,1,-267647,-53317727]
15083 [0,1,1,-34,66]
227738281 [0,1,1,1290516926,9706203427532]
15101 [0,0,1,-401,-3091]
228947161 [0,1,1,610525763,19662743224002]
15173 [1,1,1,5,6]
15193 [1,0,0,-13,16]
15227 [0,1,1,-13,15]
15299 [0,1,1,-27,46]
235591801 [1,1,1,-1536254869,-8517724083594]
15391 [1,1,0,6,-1]
15551 [1,-1,0,-76,-237]
15619 [0,1,1,1,-6]
15641 [1,-1,1,-106,-392]
15641 [1,0,0,-5116,-141273]
15641 [1,0,1,-12,15]
15641 [1,0,1,-7,-3]
244640881 [1,1,0,-2818466816,62023275194605]
244640881 [1,1,0,-1595262411,-8446264500088]
244640881 [1,1,1,-1251587843881,-538940148883835930]
244703449 [1,-1,1,-6163468122,184817147161790]
245266921 [0,-1,1,-7930297112,270837539516466]
245266921 [0,-1,1,-2289157929,35246643816837]
245266921 [0,-1,1,-1553357166,4517396551668]
15661 [0,-1,1,-669,6888]
15661 [0,-1,1,-32,81]
15661 [0,-1,1,-9,12]
15661 [0,-1,1,-6,3]
248787529 [1,1,0,-5727296240,-165138134222377]
249734809 [0,0,1,1248674045,-16772876543165]
15859 [1,-1,1,-741,-7574]
15877 [0,0,1,-7,-4]
252460321 [1,0,0,-331,-2216]
252460321 [1,1,1,-2277402479,-48392405036642]
15889 [1,1,1,-9,-16]
15971 [0,-1,1,-10,-11]
15973 [0,-1,1,-33,-63]
255712081 [1,-1,1,-220876,-39899794]
16057 [1,0,0,-13,18]
16061 [0,1,1,-6,-3]
262083721 [1,0,1,-9702557755,-368772307289889]
264615289 [0,1,1,970256060,-23714266018045]
16363 [0,0,1,-2,6]
267944161 [1,0,0,-341,2264]
267944161 [1,1,1,-3220912102,-64973717111598]
16369 [1,1,1,-12,-20]
16411 [1,1,0,-4,-9]
16487 [1,-1,1,-3,-6]
277189201 [1,-1,0,-53826677969,-4806573071932624]
16649 [1,-1,0,-806,-8609]
16649 [1,-1,0,-194,-993]
277255801 [0,0,1,-932456,346569751]
280261081 [1,-1,1,227712128,29177389967192]
16811 [0,0,1,-1,6]
282609721 [1,-1,0,-296934501233,-62396999519263630]
282609721 [1,-1,1,-1051,13396]
16829 [1,1,1,1,-6]
285035689 [0,1,1,-950118963,32125958149753]
16883 [0,1,1,-203,-1184]
16883 [0,1,1,-3,-8]
285035689 [1,-1,0,-55492885702,-5031652531260813]
16883 [1,-1,1,-195,1094]
285238321 [1,1,0,-25249533873,1544570724873946]
16937 [1,-1,0,-1,-6]
16963 [0,1,1,-178,857]
288558169 [1,1,1,-17752339022,909871975003704]
290395681 [1,1,1,-355,2554]
17093 [0,1,1,-7,-7]
17093 [1,0,1,4,-5]
292170649 [1,1,1,1308681032,-25588298168970]
295530481 [1,-1,0,-16388395,25540090384]
17299 [0,1,1,-11,12]
299255401 [1,-1,0,-25941702574,-1607881197352299]
17299 [1,-1,1,-87,332]
17317 [1,-1,1,-145,-634]
300432889 [0,1,1,-58984990540,5513800712163395]
17387 [0,-1,1,-2,-6]
17387 [0,0,1,2,6]
302307769 [0,0,1,604615538,-32851407372519]
302307769 [1,-1,0,94471178,-33344202100901]
17387 [1,-1,1,0,6]
17389 [0,0,1,-7,3]
304258249 [1,-1,1,-2491114414,58545415058896]
305655289 [0,1,1,1732046638,19643885245009]
305935081 [0,1,1,-713848522,-34832003530480]
308810329 [0,1,1,-13072970594,-574282390848789]
17627 [1,0,1,-619,5869]
312617761 [1,1,0,-5164705926,147171127570105]
17747 [0,-1,1,-3,-6]
17747 [0,0,1,5,-5]
314956009 [0,0,1,1574780045,26550240385684]
314956009 [1,-1,0,-4625916382,-126287157987021]
17747 [1,-1,1,-15,26]
316519681 [1,-1,1,-254634,-49392542]
317801929 [0,1,1,-5508566769,-161519761271547]
318158569 [0,1,1,-15377664168,733067529743190]
17989 [1,1,1,-7,0]
18059 [0,-1,1,-47,141]
18059 [1,1,0,7,4]
326127481 [1,1,1,2113034304,-7231524530060]
327501409 [1,1,1,-3281837036,61358775360876]
18097 [1,1,1,-54,130]
18097 [1,1,1,-10,6]
18127 [1,0,1,6,-1]
18127 [1,1,0,-44,-133]
328588129 [1,1,0,2128977253,7687569332000]
18149 [0,1,1,-17,-33]
18251 [0,1,1,-10,-18]
18251 [1,0,0,-40,-101]
333099001 [1,0,1,-13330899603,593745596462349]
18269 [1,-1,1,-19,-26]
18287 [1,-1,1,-7,0]
336392281 [1,-1,1,-9482057421,357656273073666]
337787641 [0,0,1,1351150564,35697144560149]
18397 [0,-1,1,-9,-6]
338449609 [0,0,1,-61259379229,5835747251360494]
18397 [0,0,1,-181,937]
18523 [1,1,1,-7,-6]
18731 [0,1,1,-124,492]
355661881 [0,1,1,-7943115342,276057675019401]
357172201 [1,-1,1,1718891217,-35228022543390]
19079 [1,0,0,-4,7]
19081 [1,-1,1,-7,-8]
19211 [1,0,1,-5,7]
375855769 [0,-1,1,2505705127,-7220081437964]
19387 [0,1,1,-363,-2787]
19387 [0,1,1,7,3]
376476409 [0,1,1,2509842727,7373245153660]
377019889 [1,0,1,-405,2955]
377486041 [1,0,1,-53835,-4810443]
379041961 [1,1,0,-31089337509,2109322089756956]
383493889 [1,1,1,758998322,49918956338250]
390418081 [1,1,0,-2881,58328]
19759 [1,0,0,-10,-11]
390418081 [1,1,1,-3912314520,78417861749914]
397085329 [1,1,0,190270054,53731473297959]
20051 [0,0,1,-406,-3149]
20089 [1,-1,1,-4,8]
20123 [0,1,1,-4,6]
20261 [0,1,1,-11,9]
410832361 [1,-1,1,2798795459,-2342713765302]
413024329 [0,1,1,-574241492086,-167490619820006242]
20323 [1,-1,0,-10,13]
413024329 [1,-1,1,-4207685352,-87872520010520]
20357 [0,0,1,-11,12]
20411 [0,1,1,-2,-8]
20521 [1,1,1,-2,-8]
20627 [0,0,1,-43,-109]
20707 [0,1,1,7,0]
428779849 [1,0,1,-16731347025,830726398724589]
20707 [1,1,1,-39,-110]
430521001 [1,0,1,-9480431210,-349861594169333]
20759 [1,1,1,-2,6]
432182521 [0,1,1,-20381439568679,35416065617512650882]
20899 [0,0,1,-101,-391]
21221 [1,-1,1,-9,14]
21269 [0,1,1,-40,-112]
21277 [0,0,1,-7,1]
452966089 [1,1,0,-3180199416,13644859759369]
21323 [0,-1,1,-40,112]
455694409 [1,-1,1,-3275303565,-99404202908416]
457831609 [1,0,1,-7334843903,-251425661752173]
21493 [0,-1,1,-66,-186]
462981289 [1,1,1,-9037780579,-338099598217250]
21589 [1,0,1,-3652,84625]
21613 [1,0,1,-36,-85]
470152489 [0,-1,1,3134349927,-25581227649471]
472497169 [1,1,1,-10877278578,430519646331590]
473106001 [1,1,0,-313915688038,-67696814058223519]
21773 [0,1,1,-13,-22]
21851 [0,0,1,-4,-8]
21977 [1,1,1,-77,228]
22013 [1,-1,1,-6,10]
22189 [0,1,1,-7,0]
22229 [1,-1,1,-96,384]
22247 [1,-1,1,-76,272]
496532089 [0,0,1,2482660445,63619291100325]
22349 [0,1,1,-39,-108]
503239489 [1,1,1,3008952778,50815591456308]
22453 [1,1,1,7,4]
505395361 [1,-1,1,3190308216,43671094691972]
505395361 [1,0,0,-2032110514,89224097157109]
22481 [1,1,1,-4,6]
505485289 [1,-1,1,3443618531,25925147843456]
22501 [0,-1,1,-26,60]
22511 [1,0,0,-5,8]
22619 [1,0,0,-10,9]
511619161 [1,0,1,-5126850343,-113808240178725]
511709641 [1,0,0,-12547546822,547431543497049]
22621 [1,0,1,-25,45]
512705449 [0,0,1,-512705449,-84166623742376]
22643 [0,0,1,-1,7]
512705449 [1,-1,0,-1415,20874]
512705449 [1,-1,1,-725574342607,-238222926281241112]
22651 [0,-1,1,-12,22]
513067801 [0,1,1,-6327836212,-211233609896935]
515244601 [0,0,1,-368915134316,-86245815183081551]
22699 [0,0,1,-716,7374]
515244601 [1,-1,0,-21994503905,-1258361206781988]
22699 [1,-1,1,-43,118]
518427361 [1,-1,0,-5281478740,170791495549309]
22769 [1,-1,0,-10,17]
525372241 [1,0,1,-250876190333,50155662754875165]
525372241 [1,0,1,-478,4125]
527299369 [0,-1,1,-12303651943,-532652302250821]
22963 [0,-1,1,-9,16]
527299369 [0,1,1,-4921460777,-159540697976961]
22963 [0,1,1,-23,36]
529138009 [0,1,1,-28749831822,-1878405425292617]
23003 [0,1,1,-54,136]
23011 [0,-1,1,-9202,342845]
529506121 [0,1,1,-4872691827482,-4140012974110274238]
529506121 [1,0,1,-15366708887,727780783485523]
23011 [1,1,1,-29,-72]
529966441 [0,0,1,-4239731528,-57951697831740]
23021 [0,0,1,-8,-5]
541911841 [1,0,1,-824157592,-93051516947543]
23279 [1,0,1,-2,7]
548355889 [1,-1,0,-20940340511,-1162492953143296]
23417 [1,-1,0,-38,-81]
23459 [0,-1,1,3,6]
550324681 [0,-1,1,1467532483,-92642171455029]
23539 [0,-1,1,-4,-7]
554084521 [0,1,1,-2401032924,106392965124030]
23561 [1,-1,1,6,-6]
555120721 [1,-1,1,3504199551,-54361298171606]
556063561 [0,0,1,-936411036724,-348777035861090674]
23581 [0,0,1,-1684,-26599]
560221561 [1,-1,0,-1505595445,100692621490614]
23669 [1,-1,1,-3,8]
563635081 [0,0,1,-7890891134,-250898633587894]
23741 [0,0,1,-14,-19]
563730049 [1,-1,0,-4051809727,-2926877606126]
23743 [1,-1,0,-7,2]
565155529 [0,-1,1,-4144473879,24757428119001]
23773 [0,-1,1,-7,4]
567058969 [1,-1,0,-203964022912,-35455170574580295]
23813 [1,-1,1,-360,-2536]
567725929 [0,-1,1,-4163323479,-144163554563801]
23827 [0,-1,1,-13,-16]
567725929 [0,1,1,-7569679053,272670873359631]
23827 [0,1,1,-7,8]
567916561 [1,0,1,-4839122364,81751967238335]
23831 [1,0,1,-9,-7]
568011889 [1,-1,0,-1242526007,-101953439102230]
23833 [1,-1,0,-2,-7]
572022889 [1,0,0,-23750867037,1405173900762212]
23917 [1,0,1,-42,99]
572597041 [1,1,0,-285451554043,56541823576819376]
572597041 [1,1,0,-498,3919]
573937849 [1,0,0,-10055869396,374379634656483]
23957 [1,1,0,-17,20]
578931721 [0,1,1,-23929177801,-1420963921051431]
24061 [0,1,1,-41,-116]
580376281 [0,-1,1,-268327300582,-53498980625828665]
24091 [0,1,1,-462,3672]
581243881 [1,0,0,2022244336,-98659957274219]
24109 [1,0,1,3,-7]
585494809 [1,0,1,-5867145899,-136671508768251]
24197 [1,1,1,-10,-14]
588111001 [1,0,0,-5011195821,-84996342517658]
24251 [1,0,1,-9,5]
24281 [1,0,0,-9,-8]
589566961 [1,1,1,-5318385294,-103771393893406]
593945641 [0,0,1,-11284967179,474057861850560]
24371 [0,0,1,-19,-33]
24373 [1,-1,0,-173,-834]
594043129 [1,-1,1,-102880844404,-12701790151340260]
24379 [0,-1,1,1,7]
594335641 [0,-1,1,2179230684,101558593998085]
24379 [0,1,1,4,-6]
594335641 [0,1,1,396223761,-108803842629696]
24379 [1,0,1,-5,-9]
594335641 [1,1,1,-2686892377,121330069885906]
597460249 [1,-1,0,-3398055166,133716168695915]
24443 [1,-1,1,-6,-8]
24533 [0,-1,1,-46,-106]
24533 [0,-1,1,-13,-13]
601868089 [0,0,1,-107734387931,-13610219293440055]
24533 [0,0,1,-179,-922]
601868089 [0,1,1,-27886554790,-1788974724148015]
601868089 [0,1,1,-8024907853,-253342601545588]
24533 [1,-1,0,-1571,24364]
601868089 [1,-1,1,-945647618086,353950378986921600]
603734041 [0,0,1,-28375499927,-1843167878335317]
24571 [0,0,1,-47,124]
608066281 [0,1,1,-5675285289,-199787141233565]
24659 [0,1,1,-9,10]
24691 [0,-1,1,-12744,-549515]
609645481 [0,1,1,-7769525225024,8335654399220239842]
616082041 [1,0,0,-10794270760,446947164011533]
24821 [1,1,0,-17,22]
617075281 [1,1,0,-319349313652,-71837459560663467]
617075281 [1,1,0,-517,-4902]
617969881 [0,-1,1,-2677869484,128160745010873]
24859 [0,1,1,-4,-10]
24917 [1,0,0,-8,-5]
620856889 [1,1,0,-4979789630,-67020364726381]
623850529 [1,0,0,4353956817,-42543313894366]
24977 [1,1,1,7,0]
626550961 [1,1,0,-624371085781,-189894679680491118]
25031 [1,1,0,-996,11693]
631064641 [1,0,1,-12318907680,539972580784827]
25121 [1,1,0,-19,26]
634485721 [0,1,1,-4652895287,-5476886618540]
25189 [0,1,1,-7,-3]
25219 [0,0,1,7,-3]
635997961 [0,0,1,4451985727,44107889590762]
25229 [0,-1,1,-7,2]
636502441 [0,1,1,-4667684567,-2529254426595]
640444249 [0,0,1,-2561776996,-133713711527905]
25307 [0,0,1,-4,8]
648669961 [0,-1,1,-71569919030,-7368484070925470]
648669961 [0,0,1,-20757438752,1144077535142098]
25469 [0,0,1,-32,69]
25469 [0,1,1,-110,-483]
648669961 [1,-1,0,-372133848251,87376949658035228]
25469 [1,-1,1,-574,5432]
652342681 [0,0,1,-7175769491,-195772441881197]
25541 [0,0,1,-11,-12]
25589 [0,-1,1,-9,-5]
654796921 [0,1,1,-6111437929,-131099080272748]
660130249 [0,1,1,-27285383625,1729827962839165]
25693 [0,1,1,-41,88]
26029 [1,-1,0,-13,20]
677508841 [1,-1,1,-8934647841,294835343911276]
26083 [1,-1,0,-22,45]
680322889 [1,-1,1,-15094664100,-700363744993756]
682202161 [1,-1,1,-38672335002,-2923884682379622]
26119 [1,-1,1,-57,178]
684397921 [1,0,0,-373011125235,-90535778633963462]
684397921 [1,0,0,-545,-5102]
684921241 [0,0,1,-33561140809,-2370591009813405]
26171 [0,0,1,-49,132]
26177 [1,0,1,4,7]
685235329 [1,1,0,3069283245,123341700553402]
26209 [1,-1,0,7,2]
686911681 [1,-1,0,4679585827,66948483898298]
26249 [1,0,0,-7,10]
689010001 [1,1,1,-4837424382,191427215952916]
26459 [0,0,1,2,-8]
700078681 [0,0,1,1400157362,143556209109487]
712195969 [1,1,0,-18888030594,-987921344658103]
26687 [1,1,0,-26,41]
712516249 [0,0,1,-5700129992,-71321985879589]
26693 [0,0,1,-8,-4]
26731 [0,-1,1,5,5]
714546361 [0,1,1,3334549685,-130696093625878]
719366041 [1,1,0,-675499699291,213690478572840308]
26821 [1,1,1,-939,10684]
720009889 [1,0,0,-402500528157,101402751879084346]
720009889 [1,0,0,-559,5202]
723125881 [0,1,1,-13980433699,-654492403383498]
26891 [0,1,1,-19,27]
723233449 [1,-1,0,-6283090588,-114874502358849]
26893 [1,-1,1,-9,-4]
27043 [0,-1,1,-73,266]
731323849 [0,1,1,-53630415593,-4782984985806627]
732622489 [0,-1,1,-9768299853,403394688718000]
27067 [0,1,1,-13,-25]
27103 [1,0,0,-2016,34673]
734572609 [1,1,1,-1480913683340,-693654339544723074]
27143 [1,0,0,1,8]
736742449 [1,0,0,721393648,-158335837344313]
764356609 [1,0,0,-2308993923,-174365030087416]
27647 [1,0,0,-3,8]
27647 [1,0,0,3,8]
764356609 [1,0,0,2277145731,-163798564324600]
765794929 [1,1,1,-6142313493,74585860582954]
27673 [1,1,1,-8,0]
770007001 [0,-1,1,-11806774015,-463143932166286]
27749 [0,1,1,-15,-27]
771339529 [1,-1,0,-15957086506,794641611805829]
771339529 [1,-1,0,-9015030745,371547224698278]
27773 [1,-1,0,-34567,-2465042]
771339529 [1,-1,1,-26663038125105,-52992268281742842314]
27773 [1,-1,1,-21,42]
27773 [1,-1,1,-12,20]
28027 [0,0,1,7,-4]
785512729 [0,0,1,5498589103,82558369708811]
28123 [0,-1,1,6,4]
790903129 [0,1,1,4481784398,-137366962746037]
795296401 [1,1,0,-467253204262,126645489595579977]
795296401 [1,1,0,-587,5402]
799701841 [1,-1,0,-4148453300,209894355969787]
28279 [1,-1,0,-5,-8]
799701841 [1,-1,1,-22141744723,1281273505425290]
799701841 [1,-1,1,-549795016,-183038143978262]
28279 [1,-1,1,-28,-50]
28279 [1,-1,1,-1,8]
28279 [1,0,0,-4,-9]
28279 [1,0,0,1,-8]
799701841 [1,0,1,-63592956815,-6175224310662699]
28279 [1,0,1,-167,813]
799701841 [1,1,0,-133167016981,-18705321941878152]
28279 [1,1,0,-79,240]
799701841 [1,1,1,-3215467819,195967144855528]
799701841 [1,1,1,783041386,182776862690074]
800720209 [1,1,0,-472041244876,-120958431701749717]
800720209 [1,1,0,-589,-5584]
28309 [1,1,0,-9,4]
801399481 [1,1,1,-7629990892,179101896008352]
805821769 [1,-1,0,-7806398387,323824224666508]
28387 [1,-1,1,-10,-12]
810939529 [1,-1,0,-20020069622,-1106300012948891]
28477 [1,-1,1,-25,-42]
816302041 [0,-1,1,-3537308844,-206230766830455]
28571 [0,-1,1,-4,10]
816759241 [1,0,0,-5325950884,241715211879531]
28579 [1,1,0,-6,-13]
819161641 [0,0,1,-13106586256,545101488854168]
28621 [0,0,1,-16,23]
28817 [1,0,0,-12,17]
830419489 [1,1,1,-9982334274,430767109144192]
836424241 [1,0,1,-7963455795,-337627896249205]
28921 [1,0,1,-10,-15]
836771329 [1,-1,1,-469167224529,-123691154389243934]
28927 [1,-1,1,-561,5250]
839782441 [0,0,1,-139403885206,-20034657573258632]
839782441 [0,0,1,-3359129764,212940484380216]
28979 [0,0,1,-166,823]
28979 [0,0,1,-4,-9]
841986289 [1,-1,0,-2616209272352,1628759688534595589]
29017 [1,-1,0,-3107,67442]
29027 [0,1,1,8,3]
842566729 [0,1,1,6459678256,-16076180990864]
846868201 [0,1,1,-43472567651,3482876545149349]
29101 [0,1,1,-51,124]
849547609 [0,-1,1,-423357891818,106025659014087435]
29147 [0,-1,1,-498,-4116]
29147 [0,-1,1,8,-2]
849547609 [0,-1,1,6513198336,-20866250126451]
860776921 [0,0,1,-860776921,-208348256203057]
29339 [0,0,1,-1,8]
860776921 [1,-1,0,-1578395880326,-764090791493715167]
860776921 [1,-1,1,-1834,30714]
870309001 [0,0,1,-6962472008,-70606211055878]
29501 [0,0,1,-8,-3]
29567 [1,1,0,1,-8]
874207489 [1,1,0,418891089,213812050274584]
876811321 [1,0,1,-64902304657,6360482446695637]
29611 [1,1,1,-74,-276]
29723 [0,1,1,7,7]
883456729 [0,1,1,5889711527,-131049819799122]
29789 [0,-1,1,-9,10]
887384521 [0,1,1,-8282255529,189687799983837]
888218809 [0,-1,1,5921458727,132601059273602]
29803 [0,1,1,7,-3]
895026889 [1,1,0,-2703727060,-229306065584583]
29917 [1,1,1,-3,-10]
29989 [1,-1,0,-46,-109]
899340121 [1,-1,1,-41538271839,-3250754899731926]
903543481 [0,-1,1,-12950789894,610844142673257]
30059 [0,-1,1,-14,-18]
905468281 [0,-1,1,-500120313872,-136131907593682805]
30091 [0,-1,1,3,7]
30091 [0,1,1,-552,4812]
905468281 [0,1,1,2414582083,-222764119736280]
30091 [1,0,1,-63,185]
905468281 [1,1,1,-56610631485,-5189367825716722]
906551881 [0,1,1,-391233645052082,-2978525168409839416103]
906551881 [0,1,1,-178423310642975,917329744101170641027]
906551881 [0,1,1,-431562,-109265840]
30109 [0,1,1,-196815,33541918]
907997689 [0,-1,1,-15738626609,-724799814638394]
30133 [0,-1,1,-17,-21]
910168561 [1,-1,0,-21104533508,-1202178608830667]
30169 [1,-1,0,-23,-38]
913429729 [1,-1,1,-41732320744,3289507779500466]
30223 [1,-1,1,-46,-108]
913429729 [1,0,0,-18287624366,979489118710963]
30223 [1,1,1,-20,-44]
30307 [0,-1,1,8,-1]
918514249 [0,1,1,7041942576,-51290660626032]
918877969 [1,-1,0,-2010045557,235888623571842]
30313 [1,-1,0,-2,9]
918877969 [1,0,1,-580290580715,-174926290513252245]
918877969 [1,0,1,-632,-6333]
922154689 [1,0,0,-7396449068,69456075872033]
30367 [1,1,1,-8,-6]
925802329 [0,-1,1,-81779205728,-9004526105416115]
30427 [0,1,1,-88,290]
928238089 [0,-1,1,-2165888874,-240646489510194]
30467 [0,-1,1,-2,9]
929823049 [0,0,1,-17666637931,-871857647669578]
30493 [0,0,1,-19,-31]
930799081 [0,0,1,-10238789891,319474678075076]
30509 [0,0,1,-11,11]
30707 [0,0,1,5,7]
942919849 [0,0,1,4714599245,-209918238573512]
944148529 [1,-1,0,-33222226364,2343541181611499]
30727 [1,-1,0,-35,-72]
951167281 [1,1,0,-142219324494,-20645175497584111]
30841 [1,1,0,-149,-766]
30851 [0,-1,1,8,-5]
951784201 [0,-1,1,7297012208,63346587956272]
951784201 [0,0,1,-60914188864,-5791949267451310]
30851 [0,0,1,-64,197]
951784201 [0,1,1,-37436845239,-2799060392782673]
30851 [0,1,1,-39,82]
951784201 [1,-1,0,6008137769,-171594422347084]
30851 [1,-1,1,6,4]
951907609 [0,0,1,-46643472841,-3869392819417845]
30853 [0,0,1,-49,-132]
956726761 [1,0,0,-8152109276,-132516237507643]
30931 [1,1,0,-8,1]
957840601 [0,1,1,-24265295225,-1433085995263058]
30949 [0,1,1,-25,-57]
30977 [1,-1,0,8,-3]
959574529 [1,-1,0,7496676008,-30655512484611]
962178361 [0,-1,1,-4169439564,273311636697267]
31019 [0,-1,1,-4,-8]
963047089 [1,0,1,-622630006520,194294166759164595]
963047089 [1,0,1,-647,6447]
31039 [1,0,0,-42,101]
963419521 [1,1,1,-40483691122,-3124975433365248]
31069 [1,-1,0,-19,36]
965282761 [1,-1,1,-18521362977,936266496947228]
970135609 [0,-1,1,2587028291,-251527858809034]
31147 [0,1,1,3,9]
31267 [0,-1,1,-3,-8]
977625289 [0,1,1,-3258750963,269728003058367]
980879761 [1,-1,0,-8030953043,-91198506552430]
31319 [1,-1,0,-8,5]
994960849 [1,0,0,-4576840633751,3768444042716720144]
994960849 [1,1,1,-4600,-121992]
995213209 [0,1,1,-11279083035,-533444904846500]
31547 [0,1,1,-11,13]
999002449 [1,-1,1,-9677836225,-247667676534422]
31607 [1,-1,1,-10,10]
1002165649 [1,1,0,-660949123966,201099407394065567]
1002165649 [1,1,0,-659,6064]
31699 [0,0,1,7,-5]
1004826601 [0,0,1,7033786207,151296992519220]
31771 [1,0,0,-75,244]
1009396441 [1,1,0,-75725762167,-8025469635251988]
1017035881 [0,-1,1,7797275088,-86193724995758]
31891 [0,1,1,8,5]
1024576081 [1,0,1,-20000578915,1051471088691537]
32009 [1,1,0,-19,24]
1025728729 [1,1,0,-8227199180,-49926323123311]
32027 [1,1,1,-8,-2]
32059 [0,-1,1,-51,-125]
1027779481 [0,0,1,-26722266506,1705140888236363]
1027779481 [0,0,1,-8222235848,-403632384171893]
32059 [0,0,1,-26,-52]
32059 [0,0,1,-8,12]
1027779481 [0,1,1,-52759346691,4673026425917604]
1028420761 [0,-1,1,-28110167467,1791640441638362]
32069 [0,1,1,-27,45]
1033043881 [1,0,1,-62004154608,5949530322779775]
32141 [1,1,1,-60,154]
1043871481 [0,0,1,-168063308441,26517416343108301]
32309 [0,0,1,-161,786]
1044776329 [0,-1,1,-16019903711,833318891609029]
32323 [0,1,1,-15,-30]
1046716609 [1,1,1,-705508801062,-221913187969385054]
1046716609 [1,1,1,-674,-6834]
1050602569 [1,0,0,-11053214528,-336236670753541]
32413 [1,0,1,-11,-11]
1056055009 [1,1,1,-714971242239,238797912368797406]
1056055009 [1,1,1,-677,6676]
1060218721 [1,-1,0,-290698720564,-60327819781905859]
32561 [1,-1,0,-274,-1679]
1060218721 [1,0,0,-1441919548450,666437802614118613]
32561 [1,0,0,8,1]
32561 [1,1,1,-1360,18738]
1060218721 [1,1,1,8459661878,11550741216552]
1060348969 [0,0,1,-2120697938,302121255428536]
32563 [0,0,1,-2,-9]
1064129641 [1,0,1,-670423843198,211286922917250145]
32621 [1,1,1,-630,5824]
1069747849 [1,0,0,-71160518372,-7300116530556043]
32707 [1,1,0,-66,181]
1075643209 [0,0,1,-23664150598,-1367017475115954]
32797 [0,0,1,-22,-39]
1075643209 [1,1,0,2128877185,-305046531026122]
32797 [1,1,1,2,-8]
1075905601 [1,0,0,-5401942705,-343391172675662]
32801 [1,1,1,-5,-12]
32843 [1,1,0,-51,-164]
1078662649 [1,1,1,-55573598562,5051986836282514]
1083002281 [0,-1,1,-11191023570,-332971147103420]
32909 [0,1,1,-10,-13]
1089858169 [1,-1,0,-1410501608886538666,644775449097231743852125743]
1089858169 [1,-1,1,-1294206576,17920963598714]
1112022409 [0,1,1,-63755951449,-6204834847474479]
33347 [0,1,1,-57,148]
1117364329 [0,0,1,-32403565541,2269020848598092]
33427 [0,0,1,-29,-61]
1120173961 [0,1,1,-129193396835,17870368559036227]
33469 [0,1,1,-115,438]
33587 [0,0,1,2,-9]
1128086569 [0,0,1,2256173138,331529131438776]
33629 [0,-1,1,-29,70]
1130909641 [0,1,1,-33173349469,2301238383631937]
1140345361 [1,0,1,-802256718659,-269409060004501367]
1140345361 [1,0,1,-704,-7055]
33811 [1,0,0,-14,17]
1143183721 [1,1,0,-16028388421,-702232771851778]
1148735449 [1,-1,0,-16872051907,-911296839460298]
33893 [1,-1,1,-15,-20]
34147 [1,0,0,-7,-12]
1166017609 [1,1,0,-8186415296,454516543268951]
34213 [1,0,0,2,9]
1170529369 [1,0,1,2316672709,353797882286487]
1173268009 [1,-1,0,-64163094242,-6245442425956237]
34253 [1,-1,1,-55,-142]
1173679081 [1,1,0,-11761242457,-335871648199242]
34259 [1,1,1,-10,4]
1173816121 [0,-1,1,-42648652396,-3371064312881357]
34261 [0,-1,1,-36,-72]
34487 [1,-1,0,8,-5]
1189353169 [1,-1,0,9291821633,124331133473104]
1196398921 [0,-1,1,-44665559717,-3614417439376373]
34589 [0,1,1,-37,-100]
1198059769 [0,-1,1,-1295501963545,-567550882894593778]
1198059769 [0,0,1,-17998451909687,-29390084961246127299]
34613 [0,0,1,-15023,-708734]
34613 [0,1,1,-1081,-14047]
34667 [1,-1,0,-8,1]
1201800889 [1,-1,1,-9839744779,42967254837000]
1205547841 [1,-1,0,-9870422948,40552237112243]
34721 [1,-1,0,-8,3]
1205547841 [1,-1,1,-15295388233,-623939403720792]
34721 [1,-1,1,-13,-12]
1208049049 [0,-1,1,-11275124457,265539997483444]
34757 [0,1,1,-9,3]
1212362761 [0,-1,1,6870055646,-309175325661418]
34819 [0,1,1,6,9]
1213895281 [1,0,0,6044186920,-333989496070471]
34841 [1,1,1,5,-6]
1220733721 [0,-1,1,813822481,-383466291914498]
34939 [0,1,1,1,9]
1230816889 [0,-1,1,-5333539852,-417012306599761]
35083 [0,-1,1,-7738,264590]
1230816889 [0,-1,1,820544593,389026288485448]
1230816889 [0,1,1,-9524471359378,-11313827582290328215]
35083 [0,1,1,-4,8]
35083 [0,1,1,1,-9]
35117 [0,-1,1,-74,271]
1233203689 [0,1,1,-91668140882,10675401467107464]
1235733409 [1,0,1,3063589076,386382634010599]
35153 [1,1,0,3,10]
35251 [0,-1,1,5,-10]
1242633001 [0,1,1,5798954005,357329463206697]
1245454681 [0,1,1,-12869698370,-688199659157477]
35291 [0,1,1,-10,12]
1253230801 [1,1,0,-24464109594,-1416988645764665]
35401 [1,1,0,-19,-40]
35491 [0,-1,1,-15,-20]
1259611081 [0,1,1,-19314036575,1109750240542827]
1261741441 [1,0,0,-933714952620,355618385778145153]
1261741441 [1,0,0,-740,7873]
1262451961 [0,0,1,-20199231376,-1177474741440139]
35531 [0,0,1,-16,26]
1262594089 [0,0,1,-31564852225,2119812459869648]
35533 [0,0,1,-25,47]
35597 [1,0,0,-10,-9]
1267146409 [1,1,0,-12697862973,-368323738273780]
1278706081 [1,0,0,-309473511312,-66263587924772351]
35759 [1,0,0,-242,1429]
35837 [1,0,1,-1140,-14901]
1284290569 [1,1,1,-1463475859429,-681438911266163640]
1293337369 [0,-1,1,-17244498253,-969431000397176]
35963 [0,-1,1,-13,25]
1293337369 [0,1,1,-450512516868,-116388977685707735]
35963 [0,1,1,-348,2386]
36187 [1,0,1,1,9]
1309498969 [1,1,1,1936967225,-432458946428744]
36191 [1,1,1,3,10]
1309788481 [1,1,1,3902078183,-423603844626498]
36307 [0,-1,1,8,-7]
1318198249 [0,1,1,10106186576,198976154822126]
1328675401 [0,0,1,-2657350802,-447991810137122]
36451 [0,0,1,-2,9]
1329842089 [0,0,1,-13298420890,-739554109758336]
36467 [0,0,1,-10,15]
1329842089 [0,1,1,-7351810348688,7672544543547963826]
36467 [0,1,1,-5528,-160055]
1330717441 [1,1,1,-19988484895,-992054643002306]
36479 [1,1,1,-15,14]
36523 [0,-1,1,2,-10]
1333929529 [0,1,1,2223215882,446141463271985]
36541 [1,-1,0,-14,-19]
1335244681 [1,-1,1,-18943783912,-1099321445790008]
1337438041 [0,-1,1,6241377525,408046191617374]
36571 [0,1,1,5,-7]
36643 [0,-1,1,-4,11]
1342709449 [0,1,1,-5818407612,-484266376386876]
1346669809 [1,1,0,-1029557124601,-392509873919961688]
1346669809 [1,1,0,-764,-8261]
1349754121 [0,-1,1,-59839099364,-5652623198037428]
36739 [0,1,1,-44,99]
1349754121 [1,0,1,-18924677572,891617820721075]
36739 [1,1,1,-14,-24]
1352694841 [0,-1,1,-1117776836946,-454863027471934827]
36779 [0,-1,1,-826,9418]
1352841961 [0,1,1,-9354000265674,-11011444724286613616]
1352841961 [0,1,1,-1036727889446,-406298649167696516]
1352841961 [0,1,1,-583525832511,171567963578698609]
36781 [0,1,1,-6914,-223601]
36781 [0,1,1,-766,-8421]
36781 [0,1,1,-431,3304]
36787 [1,0,0,2,-9]
1353283369 [1,1,0,2678373335,456289820044788]
36791 [1,1,0,3,-8]
1353577681 [1,1,0,3355744668,453441770129683]
36791 [1,1,1,8,0]
1353577681 [1,1,1,10800421913,156722991494412]
1361536201 [0,0,1,-1361536201,-464713749596466]
36899 [0,0,1,-1,9]
1361536201 [1,-1,0,-2306,43241]
1361536201 [1,-1,1,-3139957767544,-2143433295805556828]
1363307929 [1,1,0,-12298173609,-701524635945908]
36923 [1,1,1,-9,10]
36931 [1,0,0,-22,39]
1363898761 [1,1,0,-30034187299,-2056851739675524]
1369962169 [1,0,1,-80856308850,8861936063305869]
37013 [1,1,1,-59,150]
37171 [0,0,1,4,-9]
1381683241 [0,0,1,5526732964,449387292823096]
1382426761 [1,0,1,4118479725,-465871732739193]
37181 [1,1,1,3,-8]
1396442161 [1,1,0,-1101123736493,-444736738891162174]
37369 [1,1,0,-788,-8851]
1413083281 [1,0,1,-87425372409784,-314633049687740981447]
1413083281 [1,1,0,-61868,5897371]
1420611481 [0,0,1,-9944280367,629145141131859]
37691 [0,0,1,-7,-12]
37699 [0,-1,1,-6,13]
1421214601 [0,1,1,-9001025806,-598790886234718]
1427403961 [0,0,1,-161296647593,24928564248612577]
37781 [0,0,1,-113,462]
1429671721 [0,-1,1,-14773274450,-856403132468820]
37811 [0,-1,1,-10,19]
1429671721 [1,0,0,-16471009619,637361929255102]
37811 [1,0,1,-12,-13]
1429822969 [1,0,0,-15042929153,871873894510606]
37813 [1,0,1,-11,15]
1448030809 [0,0,1,-40544862652,3099482796086831]
1448030809 [0,0,1,-14480308090,-427039851905297]
38053 [0,0,1,-28,56]
38053 [0,0,1,-10,-8]
1448030809 [0,1,1,-68540124959,6887206497221908]
38053 [0,1,1,-47,109]
38053 [1,1,0,-78,235]
1448030809 [1,1,1,-113700585815,14747687175807336]
38219 [0,1,1,4,-8]
1460691961 [0,1,1,5355870524,502954368937467]
1461609361 [1,-1,0,-6120489199,-557040132572848]
38231 [1,-1,0,-4,11]
1462068169 [0,-1,1,-15108037746,483998267868874]
38237 [0,1,1,-10,5]
1463904121 [1,0,0,-2226354184,-528663498148211]
38261 [1,1,0,-1,-10]
1465894369 [1,0,0,2901249272,-524934575545665]
38287 [1,1,1,2,10]
38317 [1,0,0,8,-3]
1468192489 [1,0,1,11714952568,-206208594333129]
38333 [0,-1,1,-597,5818]
1469418889 [0,1,1,-877732883029,316512346217792381]
1486642249 [0,0,1,-23786275984,-1304040583179266]
38557 [0,0,1,-16,-23]
1489419649 [1,1,0,-12691096592,-87491100289925]
38593 [1,1,0,-8,-5]
1489419649 [1,1,1,-18815275456219254,-993376743331033671911630]
38593 [1,1,1,-12632622,-17287039382]
38611 [0,-1,1,-7,-10]
1490809321 [0,1,1,-10932601687,699796648429817]
38669 [0,-1,1,-25,-40]
1495291561 [0,1,1,-37880719545,-2784542758067433]
1504741681 [1,-1,1,-103356944214,12777678776937158]
38791 [1,-1,1,-69,-202]
38971 [0,-1,1,8,2]
1518738841 [0,1,1,11643664448,-286613539406995]
38971 [1,-1,0,-25,54]
1518738841 [1,-1,1,-38253234558,-2824309183128142]
1519206529 [1,0,0,-1233627351684,515557508548359551]
1519206529 [1,0,0,-812,8639]
1522794529 [1,-1,1,-8660893884,-644376953029434]
39023 [1,-1,1,-6,12]
39113 [1,-1,0,2,9]
1529826769 [1,-1,0,2772811019,566572515172770]
39113 [1,0,0,-103,394]
1529826769 [1,0,1,-80347776764,8784613597273759]
39113 [1,1,0,-52,125]
1529826769 [1,1,1,-157604028598,24089025981683340]
1531391689 [0,1,1,-418580394993,104233988297664757]
1531391689 [0,1,1,-28075514298,-1718498841287894]
39133 [0,1,1,-273,1648]
39133 [0,1,1,-18,-35]
1531391689 [1,-1,0,12729693415,140452952652358]
39133 [1,-1,1,8,0]
1531861321 [0,-1,1,-9701788366,-678937518447610]
39139 [0,1,1,-6,9]
1531861321 [1,0,1,-15350526988,458478028941019]
39139 [1,1,1,-10,-12]
1540641001 [1,0,0,11522710820,324966356957563]
39251 [1,0,1,7,-5]
39293 [1,0,0,-3,-10]
1543939849 [1,1,0,-4663984960,-591425505762199]
1544568601 [0,-1,1,-53030188634,4664600535886863]
39301 [0,-1,1,-34,88]
1546298329 [0,-1,1,-5154327763,597355418404942]
39323 [0,-1,1,-3,-9]
1560961081 [0,0,1,-21853455134,-1094678201448815]
39509 [0,0,1,-14,-18]
1578711289 [1,1,0,-26870981731,1585078139354324]
39733 [1,1,1,-17,18]
1587783409 [1,0,0,-14323129502,257099931064397]
39847 [1,1,1,-9,-8]
1590653689 [0,-1,1,-22799369542,-1458525937225291]
39883 [0,1,1,-14,18]
1606967569 [1,-1,1,-23602336170,1250127589671866]
40087 [1,-1,1,-15,-16]
1609855129 [0,0,1,-32197102580,2309171769935995]
40123 [0,0,1,-20,-36]
1609855129 [1,-1,0,8552355373,542976188932820]
40123 [1,-1,1,5,-10]
1610176129 [1,0,0,-93423760818,-10973275357422587]
40127 [1,0,0,-58,165]
40129 [1,1,0,9,2]
1610336641 [1,1,0,13654312769,-103732277260302]
1619016169 [0,1,1,-126822933238,-17372473087317732]
40237 [0,1,1,-78,-293]
40253 [0,-1,1,-112,-421]
1620304009 [0,1,1,-182014150344,-29882047664239932]
40283 [0,-1,1,5,7]
1622720089 [0,-1,1,7572693749,-578025411681746]
1622720089 [1,-1,0,507100028,631209945214455]
40283 [1,-1,1,0,-10]
40577 [1,0,1,-5,-11]
1646492929 [1,1,0,-7443520116,-693076865017451]
1656245809 [1,-1,0,-1966791898,655085407299209]
40697 [1,-1,0,-1,10]
40699 [1,-1,0,-5,12]
1656408601 [1,-1,1,-8592619618,-722593525678532]
1661296081 [1,0,1,2457333786,656046006013955]
40759 [1,1,0,2,-9]
1681902121 [0,-1,1,-15697753129,1012299059405345]
41011 [0,1,1,-9,-18]
1691759161 [1,-1,0,-4348984128193,3488123377691954952]
1691759161 [1,-1,1,-2571,-49486]
41131 [0,0,1,1,-10]
1691759161 [0,0,1,1691759161,678441523998137]
41183 [1,-1,0,8,3]
1696039489 [1,-1,0,13250308508,-347060534133453]
41213 [1,0,1,-1368761,-616480979]
1698511369 [1,1,1,-2324855306073778,-43146146734864624170828]
41453 [1,-1,0,8,-7]
1718351209 [1,-1,1,13424618820,-358383382383924]
41539 [0,-1,1,-19,-28]
1725488521 [0,1,1,-33359444739,2448223367673219]
41579 [0,0,1,2,-10]
1728813241 [0,0,1,3457626482,700852676038505]
41579 [0,1,1,6,10]
1728813241 [0,1,1,9796608366,-598350538603115]
1728813241 [1,-1,0,-15019065031,999617347192972]
41579 [1,-1,1,-9,-12]
41597 [1,-1,0,-12803,560804]
1730310409 [1,-1,1,-22153488599629,40133899843804869920]
1735472281 [0,-1,1,4627926083,699548934609056]
41659 [0,1,1,3,-9]
41809 [1,0,1,8,3]
1747992481 [1,0,1,14821519578,185835440393957]
1748326969 [1,-1,0,-16936917512,-450034850904841]
41813 [1,-1,1,-10,-4]
1751506201 [0,0,1,-208429237919,36632817437520987]
41851 [0,0,1,-119,-500]
1760054209 [1,1,1,-1538324046462,749349221405826332]
1760054209 [1,1,1,-874,9784]
1760557681 [1,-1,1,-15294844854,-6921605014138]
41959 [1,-1,1,-9,2]
41981 [0,-1,1,-9,-2]
1762404361 [0,1,1,-16449107369,-356926651430535]
42013 [1,1,0,-30,53]
1765092169 [1,1,1,-53872083908,4867977792405322]
1772494201 [0,-1,1,-557154010514,-160068509817172847]
42101 [0,1,1,-314,-2250]
1789882249 [0,-1,1,-4176391914,-756542937728714]
42307 [0,1,1,-2,9]
1795471129 [1,-1,0,-1234386401,-753662219943090]
42373 [1,-1,1,-1,-10]
1801408249 [1,0,0,-45973439688,3717637583220685]
42443 [1,0,1,-26,-51]
1803446089 [0,1,1,-4208040874,766577186315538]
42467 [0,1,1,-2,-11]
1812800929 [1,1,1,-509434827735,139954514705330006]
42577 [1,1,1,-281,1696]
1813822921 [0,1,1,-16929013929,-361215797756003]
42589 [0,1,1,-9,-8]
1818425449 [0,0,1,-30913232633,2229364597124076]
42643 [0,0,1,-17,-29]
1820472889 [0,-1,1,13956958816,-439438775812961]
42667 [0,1,1,8,8]
1821326329 [1,-1,0,11497122452,609681959451449]
42677 [1,-1,1,6,6]
42787 [0,-1,1,-23,52]
1830727369 [0,1,1,-42716971943,-3486483800315613]
42787 [1,-1,0,-19,-26]
1830727369 [1,-1,1,-35127081393,2411145092968534]
1831240849 [1,1,0,-1632589367734,-818954942892279159]
1831240849 [1,1,0,-891,-10822]
1831583209 [0,-1,1,-79368605723,-8570931157012181]
42797 [0,1,1,-43,-124]
42859 [1,-1,0,-248,1567]
1836893881 [1,-1,1,-455894100091,-118482215237033442]
1836893881 [1,0,1,7309306901,746362204967445]
42859 [1,1,1,4,-8]
1840324201 [0,-1,1,-17176359209,1170337731988413]
42899 [0,-1,1,-9,-12]
1843585969 [1,0,1,-1649126057312,-798562953045244127]
1843585969 [1,0,1,-895,-10163]
43291 [1,-1,0,-43,-98]
1874110681 [1,-1,1,-80938155036,8825674260625204]
43321 [1,1,0,8,-3]
1876709041 [1,1,0,14036219703,-503137645112758]
1883820409 [1,1,0,-33948013620,-2263745232927103]
43403 [1,1,1,-18,20]
1885904329 [0,-1,1,-42118530014,-3426859451307474]
43427 [0,-1,1,-22,49]
1887120481 [1,0,1,-27402561985,-1929815586994455]
43441 [1,0,1,-15,-25]
1900175281 [1,0,0,-45643793729,-3659982451003654]
43591 [1,1,1,-24,34]
1902093769 [0,0,1,-43748156687,3421935641330126]
43613 [0,0,1,-23,41]
43627 [1,0,1,-687,-6981]
1903315129 [1,1,1,-1306665488457,574902074631543004]
1903838689 [1,0,0,-5751179373,851565150343018]
43633 [1,0,0,-3,10]
1905409801 [1,0,0,-31478957754,-1980464449908583]
43651 [1,1,0,-16,17]
1906981561 [0,0,1,-36232649659,2519098328066097]
43669 [0,0,1,-19,30]
43711 [1,0,0,-9,2]
1910651521 [1,1,1,-17235668929,-229774187875992]
1914325009 [1,0,1,-1744947127475,869503615255545241]
1914325009 [1,0,1,-912,10305]
1930987249 [1,1,0,-29970531260,2172685618600099]
43943 [1,1,0,-15,-32]
43973 [1,0,0,1,-10]
1933624729 [1,1,0,1893340881,-857259208671218]
44179 [1,0,1,8,-3]
1951784041 [1,1,1,16549502181,298111802071628]
44189 [1,-1,0,-16,-23]
1952667721 [1,-1,1,-31608808734,-2332422264786182]
1961869849 [1,1,0,-2499463059914,1520960631022397957]
44293 [1,1,1,-1274,16972]
1979449081 [1,0,1,-366239318508,85313791071683249]
44491 [1,1,1,-185,-1046]
1979983009 [1,0,0,-1835485498989,-975545909814380966]
1979983009 [1,0,0,-927,-11150]
44501 [0,-1,1,-9,7]
1980339001 [0,1,1,-18483164009,368005938144024]
1988000569 [1,0,1,13874587304,-644375512748499]
44587 [1,1,1,7,10]
1992818881 [1,-1,1,-95032550388,11239744134904878]
44641 [1,-1,1,-48,138]
1996570489 [1,0,0,-24998726331,1771346161436668]
44683 [1,1,0,-12,-25]
1998000601 [1,1,0,-63977644244,6294474447601135]
44699 [1,1,1,-32,-84]
44701 [1,0,0,-55,-162]
1998179401 [1,0,1,-109941495793,-14060459637809331]
2004442441 [0,1,1,-58796978269,-5563124001415383]
44771 [0,1,1,-29,52]
44867 [0,-1,1,2,-11]
2013047689 [0,-1,1,3355079482,917409932534730]
44963 [0,0,1,5,9]
2021671369 [0,0,1,10108356845,-840828790320210]
2057620321 [1,0,0,-1944494070435,1063350417391807834]
2057620321 [1,0,0,-945,11314]
2057620321 [1,0,1,-3978451757744,3054352727507019553]
45361 [1,0,1,-1934,32563]
2057620321 [1,1,1,-18561449979,180722187164608]
45361 [1,1,1,-9,-2]
2075075809 [1,1,0,-34281981594,2628878692436537]
45553 [1,1,0,-16,21]
45557 [1,-1,0,-1,-10]
2075440249 [1,-1,1,-2464585296,-972100119428520]
45569 [1,0,1,-9,-15]
2076533761 [1,1,0,-17693798088,-1328598521410331]
45589 [1,1,0,1,-10]
2078356921 [1,1,1,995879358,-973272902566804]
45691 [0,-1,1,-32,82]
2087667481 [0,1,1,-67501248552,-6821120182589955]
2094252169 [0,-1,1,-61431396957,5942942122323199]
45763 [0,1,1,-29,-72]
2100113929 [0,0,1,-8400455716,1034600651011042]
45827 [0,0,1,-4,-11]
2114068441 [1,0,1,-2166964195118,-1227794365055148935]
45979 [1,1,1,-1025,12204]
2136195961 [0,-1,1,16377502368,626216727575131]
46219 [0,1,1,8,-4]
46307 [1,0,0,-9,-2]
2144338249 [1,0,1,-19343717955,124005799052279]
46477 [1,-1,0,4,9]
2160111529 [1,-1,1,8235425204,1000815616991612]
2162901049 [0,-1,1,3604835082,1040360591526145]
46507 [0,1,1,2,-10]
2196515689 [0,-1,1,-7321718963,1099026035186011]
46867 [0,1,1,-3,-12]
47017 [1,-1,0,4,-11]
2210598289 [1,-1,0,8427905977,-1042607095132934]
2210598289 [1,1,1,-336056994059,74991512379830122]
47017 [1,1,1,-152,658]
47051 [0,0,1,8,-6]
2213796601 [0,0,1,17710372808,598927727273493]
2217185569 [1,-1,1,-68039882149,-6743610337106610]
47087 [1,-1,1,-31,72]
2220577129 [0,0,1,-68837890999,-7037057219353556]
47123 [0,0,1,-31,67]
2222462449 [1,-1,0,-69313047628,-6937956002587019]
47143 [1,-1,0,-31,74]
2223028201 [1,0,0,12180342018,-965035840460375]
47149 [1,0,1,5,-9]
2238141481 [0,-1,1,-117129404172,-15389450233631030]
47309 [0,1,1,-52,-163]
2245527769 [0,1,1,-2995168771328909,63092836864850231275666]
2245527769 [0,1,1,-310631341378,-66646511952909309]
2245527769 [0,1,1,-187127314083,-31176862655032544]
47387 [0,1,1,-1333837,-593373237]
47387 [0,1,1,-138,580]
47387 [0,1,1,-83,265]
2245717321 [1,1,0,20164670112,-166399612830391]
47389 [1,1,1,9,2]
2252356681 [0,-1,1,-21021995689,-1622217459250937]
47459 [0,-1,1,-9,18]
47563 [0,-1,1,1,-11]
2262238969 [0,1,1,1508159313,1128792373733898]
2275385401 [1,0,0,-76272814796,-8027182076875933]
47701 [1,0,0,-15,-26]
2275385401 [1,0,1,-34178184878,-2686196660887095]
47701 [1,0,1,-34,-77]
2284553209 [0,1,1,-41883475498,3092827351673193]
47797 [0,1,1,-18,22]
2288952649 [0,0,1,-57223816225,-5393385308115770]
47843 [0,0,1,-25,49]
2290292449 [1,1,1,-27531223814,2102936881730740]
47857 [1,1,1,-12,14]
2301792529 [1,1,1,-78308899997,-8353964334273102]
47977 [1,1,1,-34,-90]
2321986969 [0,0,1,-53405700287,4895169390790131]
48187 [0,0,1,-23,-44]
2325264841 [0,0,1,-25577913251,1037171012055214]
48221 [0,0,1,-11,9]
