2334145969 [1, -1, 1, -421750999774, -105428892990071474]
48313 [1, -1, 1, -181, -890]
48337 [1, 1, 0, 6, -7]
2336465569 [1, 1, 0, 12801884264, -1056563788306731]
48463 [1, 0, 1, -6, 11]
2348662369 [1, 1, 0, -12966573495, -1332817394801416]
48491 [1, 0, 0, -10, -17]
2351377081 [1, 0, 1, -23562757833, 1843199522348475]
48533 [1, 0, 1, -2, -11]
2355452089 [1, 1, 1, -3582250052, -1214488966082286]
2358364969 [1, -1, 0, -70013960017, 7233257216517332]
48563 [1, -1, 1, -30, -56]
48571 [0, -1, 1, -4, -10]
2359142041 [0, 1, 1, -10222948844, 1278478028725017]
2360890921 [0, -1, 1, -22034981929, -323951593274015]
48589 [0, -1, 1, -9, 0]
2369060929 [1, -1, 1, -79275145535587, -271677622760961033932]
2369060929 [1, -1, 1, -33463, -2347712]
2374710361 [0, 1, 1, -392618779685, -94698238048709198]
48731 [0, 1, 1, -165, 763]
2383099489 [1, 0, 0, -2423661828219, 1426363697172205592]
2383099489 [1, 0, 0, -1017, 12176]
2383099489 [1, -1, 1, -2260816696471, -1308416908252606608]
48817 [1, -1, 1, -949, -11010]
48869 [1, -1, 0, -13, -18]
2388179161 [1, -1, 1, -31494112686, -2483682706855486]
2391894649 [0, 0, 1, -19135157192, 1608480384481341]
48907 [0, 0, 1, -8, -14]
2395808809 [1, 1, 0, -45570280054, -3530128254990723]
48947 [1, 1, 1, -19, 22]
48973 [1, 0, 0, -12, -13]
2398354729 [1, 0, 1, -28830222472, -1409321973384011]
2404038961 [1, -1, 0, -62955770291, -5948858679473598]
49031 [1, -1, 0, -26, 57]
2412872641 [1, 0, 1, -232892478037, 43277919680593285]
49121 [1, 1, 0, -96, 325]
2436705769 [0, -1, 1, 4061176282, -1281907427922596]
49363 [0, 1, 1, 2, 11]
2441446921 [0, -1, 1, -22786837929, -1848601871622485]
2441446921 [0, 0, 1, -180667072154, -29585570367768478]
2441446921 [0, 0, 1, -4882893842, 1296819088495458]
49411 [0, 0, 1, -74, 245]
49411 [0, 0, 1, -2, -11]
49411 [0, 1, 1, -9, 12]
2443226041 [0, 0, 1, -53750972902, 4619307914257529]
49429 [0, 0, 1, -22, 38]
2443226041 [1, 1, 0, -32707517911409, 71998403839933950674]
2443226041 [1, 1, 1, -13387, 590602]
49499 [1, -1, 0, -10, 19]
2450151001 [1, -1, 1, -24960913323, -1997324161584450]
2454905209 [0, -1, 1, -18002638199, 1600383414792816]
49547 [0, -1, 1, -7, -11]
49597 [1, 0, 0, 9, -2]
2459862409 [1, 0, 1, 22087514547, -335361892314223]
49739 [0, 1, 1, 9, 7]
2473968121 [0, 1, 1, 21441057049, -532081844397518]
2480139601 [1, 0, 1, -2573196505613, -1616085844041601971]
2480139601 [1, 0, 1, -1038, -13171]
49831 [1, 0, 0, -79, 264]
2483128561 [1, 1, 1, -196218888164, -33481335176935124]
2487715129 [1, -1, 0, -58927752118, -5665002152487699]
49877 [1, -1, 1, -24, -40]
2492106241 [1, 1, 0, -123411177809, 16740514710520754]
49921 [1, 1, 0, -49, 114]
2509308649 [0, 0, 1, -690059878475, 220632815460435124]
50093 [0, 0, 1, -275, 1755]
50147 [1, -1, 0, -3412, -75865]
2514721609 [1, -1, 1, -8580701640210, 9674586594565718020]
50177 [1, 0, 1, 6, 9]
2517731329 [1, 1, 0, 16312800903, 1100295965792770]
2522148841 [1, 0, 0, -71933786736, 7299201837228299]
50221 [1, 0, 1, -29, 55]
2533008241 [1, 1, 1, -524385476892, 146151810543972292]
50329 [1, 1, 1, -207, 1060]
2533410889 [0, -1, 1, -299786955198, -63163099767840410]
50333 [0, 1, 1, -118, -535]
2536431769 [0, 0, 1, -535187103259, 150703993976637923]
50363 [0, 0, 1, -211, -1180]
2546110681 [1, 1, 0, -361600760674, -83682206701783419]
50459 [1, 1, 1, -142, 592]
2549947009 [1, 0, 0, -232098301715, -43060923409784774]
50497 [1, 0, 0, -91, -342]
2558437561 [1, -1, 0, 21267012226, -731971184859379]
50581 [1, -1, 1, 8, -8]
2571199849 [0, 0, 1, -213409587467, -37972543203969524]
50707 [0, 0, 1, -83, 291]
2572822729 [1, -1, 0, -24924220187, 542402206325294]
50723 [1, -1, 1, -10, -2]
50753 [1, 0, 0, -1367, -19568]
2575867009 [1, 0, 1, -88921075707, 10107134664012881]
50753 [1, 1, 0, -34, 63]
2575867009 [1, 1, 1, -3521263865199, -2543291570296312420]
2582774041 [0, 1, 1, -24105891049, -219988663781430]
50821 [0, 1, 1, -9, -5]
50867 [0, -1, 1, 4, 9]
2587451689 [0, -1, 1, 9487322860, -1383188831404398]
2593151929 [0, -1, 1, -34575359053, -2859872419478578]
2593151929 [0, 0, 1, -4929581817029, -4212726429127178351]
2593151929 [0, 0, 1, -28524671219, 2343906593328289]
50923 [0, 0, 1, -1901, 31902]
50923 [0, 0, 1, -11, -18]
50923 [0, 1, 1, -13, 17]
2598042841 [0, -1, 1, -226895741447, -41624240103691718]
50971 [0, -1, 1, -1464925, 682939109]
50971 [0, -1, 1, 8, -10]
2598042841 [0, 1, 1, -3805938774866205, -90373440503194344775902]
50971 [0, 1, 1, -87, 285]
2598042841 [0, 1, 1, 19918328448, 947825181983337]
2624410441 [0, 1, 1, -216076459642, -38632111954963998]
51229 [0, 1, 1, -82, -315]
51287 [1, 0, 1, 1, -11]
2630356369 [1, 0, 1, 3890735462, 1466915258574487]
2636103649 [1, 0, 0, -13235437071, 1587645118006288]
51343 [1, 1, 1, -5, -14]
2640212689 [1, 1, 1, -44938620144, 3354947701978202]
51383 [1, 1, 1, -17, -32]
51413 [0, -1, 1, -18, 34]
2643296569 [0, 1, 1, -48460437098, 3829086727868901]
2645764969 [0, -1, 1, -424204316696, -106332938224223846]
51437 [0, -1, 1, -103, -370]
51437 [0, -1, 1, -9, 4]
2645764969 [0, 1, 1, -273395713463, -55001958674483775]
2645764969 [0, 1, 1, -24693806377, 160023778122203]
51437 [0, 1, 1, -160, -835]
2645764969 [1, 0, 0, -27835652278, 994999848987231]
51437 [1, 1, 0, -10, 3]
2660599561 [0, -1, 1, -91347251594, 10520215998428638]
51581 [0, 1, 1, -34, 65]
2683550809 [1, -1, 0, -25996898462, -534336183735107]
51803 [1, -1, 1, -10, 6]
51827 [0, -1, 1, 3, -12]
2686037929 [0, -1, 1, 7162767811, 1506809254775589]
51839 [1, -1, 1, 9, -2]
2687281921 [1, -1, 1, 25025312889, -82719198282962]
51839 [1, 1, 1, 4, 12]
2687281921 [1, 1, 1, 10693142644, -1465449597987108]
2706184441 [0, -1, 1, -25257721449, 24774993271038]
52021 [0, -1, 1, -9, 3]
2706184441 [1, 1, 0, -18999669929, 1844613034786094]
52021 [1, 1, 1, -7, 10]
2719309609 [0, -1, 1, -104240201678, 13047300857843680]
2719309609 [0, 0, 1, -51123020649200, -140693124167014508472]
52147 [0, 0, 1, -18800, 992167]
52147 [0, 1, 1, -38, -105]
52181 [0, -1, 1, -17, 31]
2722856761 [0, 1, 1, -47196183857, 3624375246818496]
2728704169 [0, 0, 1, -109148166760, -13790679178658128]
52237 [0, 0, 1, -40, -97]
52379 [0, 1, 1, 1, -11]
2743559641 [0, 1, 1, 1829039761, 1582085225497804]
2751317209 [0, -1, 1, -36684229453, -2187426620439620]
52453 [0, -1, 1, -13, -11]
2760556681 [0, -1, 1, -1005762817444, 388229172558561428]
52541 [0, -1, 1, -661361, 207237598]
2760556681 [0, 1, 1, -1825725447288401, 30026264647660821618297]
52541 [0, 1, 1, -364, 2555]
2760556681 [1, -1, 0, 25707684092, -203972313981615]
52541 [1, -1, 1, 9, -4]
2762658721 [1, 1, 1, -3025168854885, 2058241780752727028]
2762658721 [1, 1, 1, -1095, 13718]
2780136529 [1, 0, 0, -203007886128, 35168779835609161]
52727 [1, 0, 0, -73, -246]
2791748569 [1, 0, 0, -32163269972, 1505974991528627]
52837 [1, 0, 1, -12, 9]
52901 [1, -1, 0, -11, 12]
2798515801 [1, -1, 1, -31308395524, 1364791073807218]
2849531161 [1, 0, 1, -618407627170, 187187984874245965]
53381 [1, 1, 1, -217, 1140]
53653 [1, 1, 0, -11, 14]
2878644409 [1, 1, 1, -33164382462, 2892488041520504]
2891965729 [1, 0, 1, -53561615273, 5076936048850177]
53777 [1, 1, 0, -18, 25]
2904239881 [0, 0, 1, -20329679167, -2073789186407366]
53891 [0, 0, 1, -7, 13]
54101 [0, -1, 1, -11, 13]
2926918201 [0, 1, 1, -33171739611, 1505772554191362]
2933630569 [0, 0, 1, -5867261138, -1787560115723404]
54163 [0, 0, 1, -2, 11]
2947078369 [1, 1, 1, -56055886477, 4783137696074908]
54287 [1, 1, 1, -19, -38]
54403 [0, -1, 1, -13, 26]
2959686409 [0, 1, 1, -39462485453, -3517016105024067]
2960774569 [0, 0, 1, -41450843966, -2698502495935200]
54413 [0, 0, 1, -14, -17]
2970577009 [1, -1, 1, -302070549603, -63927243465065526]
54503 [1, -1, 1, -102, 420]
2974502521 [0, -1, 1, -33711028571, 2999697411145260]
54539 [0, -1, 1, -11, -15]
54539 [1, 0, 0, -17, -26]
2974502521 [1, 0, 1, -50628511660, 3987873513335235]
54559 [1, -1, 1, 2, -12]
2976684481 [1, -1, 1, 6883582862, 1811828263785528]
2978648929 [1, -1, 1, -28855661500, -2626445241809096]
54577 [1, -1, 1, -10, -14]
54583 [1, 0, 1, 3, 11]
2979303889 [1, 1, 0, 10365494781, -1782220877776312]
2999424289 [1, 0, 1, -28557018752, 2621274452866129]
54767 [1, 0, 1, -10, -17]
54787 [0, -1, 1, -6, -11]
3001615369 [0, 1, 1, -19010230670, 2108906248364250]
3008632201 [0, -1, 1, -67192785822, 6957111152726322]
54851 [0, -1, 1, -22, -35]
54869 [0, -1, 1, -15, 25]
3010607161 [0, 1, 1, -46162643135, 3332825727327702]
3016096561 [1, -1, 0, -175499118643, -28236571542972350]
54919 [1, -1, 0, -58, 185]
3020491681 [1, 0, 1, -79543201100205, -273056979661530335635]
3020491681 [1, 0, 1, -26335, 1642695]
55171 [0, -1, 1, 3, 10]
3043839241 [0, 0, 1, -51745267097, -4912000901882422]
55171 [0, 0, 1, -17, 29]
3043839241 [0, 1, 1, 8116904643, -1876789028639283]
55171 [1, -1, 0, -14, 27]
3043839241 [1, -1, 1, -43184469232, -3941135226653738]
3050242441 [1, 0, 0, -29040849907, -17745507361836]
55229 [1, 1, 0, -9, -4]
3062404921 [0, -1, 1, -22457636087, -2314519164461564]
3062404921 [0, -1, 1, 11228818044, -1862609257484357]
55339 [0, 1, 1, -7, 11]
55339 [0, 1, 1, 4, 12]
3070378921 [0, -1, 1, -360257793397, -83249938298265523]
55411 [0, -1, 1, 8, 5]
55411 [0, 1, 1, -117, 450]
3070378921 [0, 1, 1, 23539571728, -1334274126935598]
3085469209 [0, 0, 1, -12341876836, 2013815558289795]
55547 [0, 0, 1, -4, -12]
3089025241 [0, -1, 1, 26771552089, 974462043390298]
55579 [0, 1, 1, 9, -3]
3112189369 [0, -1, 1, -38383668884, -3502925579958429]
55787 [0, -1, 1, -12, 24]
3115090969 [1, 0, 0, -247645124296775, 1500005254735420381796]
55813 [1, 0, 1, -79499, 8620909]
3117770569 [0, 0, 1, -77944264225, -8138565158463578]
55837 [0, 0, 1, -25, -47]
3130290601 [1, 0, 1, -59540735807, -5936609647724357]
55949 [1, 1, 1, -19, -42]
3149791129 [0, -1, 1, -89244081988, 10457623481429989]
56123 [0, -1, 1, -28, -50]
3158102809 [0, 0, 1, -31581028090, 754272590118835]
56197 [0, 0, 1, -10, 4]
56299 [0, -1, 1, -149, -653]
3169577401 [0, 1, 1, -473323558549, 125355126730345004]
3169577401 [1, 0, 0, -4820398964, 2041159816507747]
56299 [1, 1, 0, -1, -12]
56377 [1, -1, 1, 5, -12]
3178366129 [1, -1, 1, 16885070060, -1864666309886040]
56383 [1, 0, 0, -1100, 13951]
56383 [1, 0, 0, -78, 259]
3179042689 [1, 1, 1, -3497013187956, -2517064902082717084]
3179042689 [1, 1, 1, -248031559798, -47589583229221838]
3189651529 [0, -1, 1, -281752551728, -57526903239626756]
56477 [0, 1, 1, -88, -349]
3195980089 [0, -1, 1, -42613067853, 2681749230480150]
56533 [0, -1, 1, -13, 19]
3195980089 [1, 1, 0, -12850503274, 2141576710699893]
56533 [1, 1, 1, -4, 10]
3204805321 [0, -1, 1, 8546147523, -2054498285893445]
56611 [0, 1, 1, 3, 12]
3206843641 [0, 0, 1, -60930029179, -5402610369249123]
56629 [0, 0, 1, -19, -30]
3212735761 [1, 0, 1, 27241321973, 1164479634777475]
56681 [1, 1, 0, 9, 10]
3220222009 [0, -1, 1, -554951592884, -159135795009279621]
56747 [0, -1, 1, -172, 928]
56773 [1, -1, 0, -2, -11]
3223173529 [1, -1, 1, -7050692095, -2110092804550332]
3229307929 [0, 0, 1, -16146539645, -2248020550595717]
56827 [0, 0, 1, -5, 12]
56983 [1, 0, 1, -16, 19]
3247062289 [1, 1, 0, -50397112610, -3801005307245567]
57059 [0, -1, 1, 1, -12]
3255729481 [0, -1, 1, 2170486321, 2134618883489433]
57059 [1, -1, 0, -55, 172]
3255729481 [1, -1, 1, -179675570733, -29392041593440032]
3272183209 [0, 0, 1, -32721832090, 3135243159749152]
57203 [0, 0, 1, -10, -17]
3272183209 [0, 1, 1, -99256224006, -12227308094822192]
57203 [0, 1, 1, -30, 55]
57203 [1, -1, 0, 2, 11]
3272183209 [1, -1, 1, 5930832066, -2146707153655664]
57331 [1, -1, 0, -880, -9831]
3286843561 [1, -1, 1, -2893038616848, 1893997233342925568]
57347 [1, -1, 0, 5, -12]
3288678409 [1, -1, 1, 15826764843, 2033294951081240]
3291661129 [1, 0, 0, -80714273934, 8553655152567983]
57373 [1, 0, 1, -25, 43]
3292808689 [1, 0, 1, -186112291110, -30980364758693997]
57383 [1, 0, 1, -57, 159]
3309355729 [1, -1, 0, -9458759177681, -11196937809875543190]
57527 [1, -1, 0, -2858, 59529]
3309585841 [1, 1, 1, -327717947964, 72243466940921174]
57529 [1, 1, 1, -99, 338]
3312808249 [1, 0, 1, -26571482831, -2761042414746749]
57557 [1, 1, 1, -8, -18]
57587 [0, -1, 1, 8, -11]
3316262569 [0, -1, 1, 25424679696, 1557841086831246]
3316262569 [1, 1, 0, -43764786211896, -111439793084227415035]
3316262569 [1, 1, 1, -13197, 578036]
3330328681 [0, 1, 1, -117671613395, -15377013788479043]
57709 [0, 1, 1, -35, -92]
3338643961 [0, 0, 1, -53418303376, -4195796560954267]
57781 [0, 0, 1, -16, -22]
57923 [0, -1, 1, 10, -3]
3355073929 [0, -1, 1, 32432381314, -98978191306926]
57923 [0, 0, 1, 5, -11]
3355073929 [0, 0, 1, 16775369645, 2089111432286770]
58027 [0, -1, 1, -3, -11]
58027 [0, -1, 1, 7, 7]
3367132729 [0, 1, 1, -11223775763, 2310238370551386]
3367132729 [0, 1, 1, 22447551527, -1857955437474088]
3369686401 [1, -1, 1, -315697494694, 68236332478388604]
58049 [1, -1, 1, -94, 372]
58049 [1, 0, 0, -10, 3]
58049 [1, 0, 1, -1504, -22565]
3369686401 [1, 1, 0, -5066393705703, -4389315347857551326]
3369686401 [1, 1, 1, -33767065810, 750038876545534]
3408107641 [0, 1, 1, -42033327572, -4043730729283229]
58379 [0, 1, 1, -12, 16]
3426580369 [1, -1, 0, -2666522010901, -1675966288843826296]
58537 [1, -1, 0, -778, -8161]
3426580369 [1, 0, 1, -7509422265755, -7920597020402607047]
58537 [1, 0, 1, -2192, -39671]
3445572601 [0, 0, 1, -1898510503151, -1006859356792687347]
3445572601 [0, 0, 1, -37901298611, -3691092906436307]
58699 [0, 0, 1, -551, 4978]
58699 [0, 0, 1, -11, 18]
58771 [0, -1, 1, 10, -5]
58771 [0, 0, 1, 4, 11]
3454030441 [0, 0, 1, 13816121764, -2283714259290124]
3454030441 [0, 1, 1, 33388960930, 302626764012252]
3454030441 [1, -1, 0, -116357650481, 15459505894662708]
58771 [1, -1, 1, -34, -68]
58907 [0, 1, 1, 8, -6]
3470034649 [0, 1, 1, 26603598976, 1705312639096393]
58921 [1, 0, 1, 7, 9]
3471684241 [1, 0, 1, 25965305052, 1764526716660839]
59207 [1, 0, 1, 4, -11]
3505468849 [1, 0, 1, 15701579219, 2308735862869915]
3506889961 [0, -1, 1, -495640447821, 134329042122355425]
59219 [0, -1, 1, -141, -600]
59219 [1, -1, 0, -1, 12]
3506889961 [1, -1, 1, -4164431829, -2433684700303672]
3509733049 [1, 0, 0, -1440818536053, -665670355837437146]
59243 [1, 0, 1, -411, 3167]
3514236961 [1, 1, 1, -4340155860105, -3530575616570096032]
3514236961 [1, 1, 1, -1235, -17462]
59393 [1, 0, 0, -59, 170]
3527528449 [1, 1, 1, -208197668667, 36647033536880098]
3536799841 [1, -1, 1, -41336348142, -4068696461225612]
59471 [1, -1, 1, -12, 22]
3536799841 [1, 0, 0, -148619276652, 22190300132235119]
59471 [1, 0, 0, -42, -109]
3541321081 [0, 1, 1, -156998567924, -23815677445204493]
59509 [0, 1, 1, -44, -128]
59509 [1, 0, 0, 4, -11]
3541321081 [1, 0, 1, 14091506801, -2388146976824157]
3549895561 [1, 1, 0, -14273538401, -2569171348085770]
59581 [1, 1, 1, -4, -14]
59669 [0, -1, 1, -12, -8]
3560389561 [0, 1, 1, -43911471252, -2511978690689025]
3564925849 [1, -1, 0, -13303189229140, 18665901029447726899]
3564925849 [1, -1, 1, -3732, -86762]
59707 [0, 0, 1, 1, -12]
3564925849 [0, 0, 1, 3564925849, 2500999575078355]
3566836729 [0, 0, 1, -219952553730514, -1255572012912643335547]
3566836729 [0, 0, 1, -24967857103, 2929055112033421]
59723 [0, 0, 1, -61666, 5894090]
59723 [0, 0, 1, -7, -14]
3573528841 [0, 0, 1, -103632336389, -13084346310901014]
59779 [0, 0, 1, -29, 61]
3577116481 [1, 0, 0, -4457161658586, 3569187960505833347]
3577116481 [1, 0, 0, -1246, 16579]
3577116481 [1, 1, 1, -1824403928570, -948480551573842362]
59809 [1, 1, 1, -510, -4646]
3594841849 [0, 0, 1, -4784734501019, 4028420466902999293]
59957 [0, 0, 1, -1331, 18690]
60107 [0, 1, 1, 3, -11]
3612851449 [0, 1, 1, 9634270531, 2535519987708688]
3647797609 [1, 0, 0, -500300989766547, -4307201264295862959974]
60397 [1, 0, 0, -83, 284]
3647797609 [1, 0, 1, -302843197331, 64093835456640229]
3647797609 [1, 0, 1, -137152, -19561533]
60589 [1, -1, 0, 10, -3]
3671026921 [1, -1, 1, 36021951662, -118171675862290]
3679514281 [1, -1, 0, 23226933899, 2266825082348812]
60659 [1, -1, 1, 6, -12]
3687768529 [1, 0, 1, -42486166595, 2076432077540203]
60727 [1, 1, 0, -11, -14]
3688497289 [0, 0, 1, -36884972890, -616037141095302]
60733 [0, 0, 1, -10, -3]
60901 [1, 1, 0, -1928, -33401]
60901 [1, 1, 0, -898, -10741]
3708931801 [1, 1, 1, -7152752247641, -7363054826365421070]
3708931801 [1, 1, 1, -3332552492611, -2341604718965502660]
3738221881 [0, -1, 1, -83486955342, 8877837345559161]
61141 [0, -1, 1, -22, 46]
61261 [1, 1, 0, -229, -1434]
3752910121 [1, 1, 1, -861371058397, -307716811347395648]
3770328409 [0, 1, 1, -87974329543, -10415812106925972]
61403 [0, 1, 1, -23, 37]
3783111049 [1, -1, 0, -47998221434, -4908246519860861]
61507 [1, -1, 1, -13, 24]
61547 [1, 1, 0, -31, 54]
3788033209 [1, 1, 1, -119401963442, -15634870644702116]
61651 [1, 0, 0, -12, 19]
3800845801 [1, 1, 0, -45689333899, -4686809137355364]
3809728729 [0, -1, 1, 36827377714, 707608678471519]
61723 [0, 1, 1, 10, 0]
3820846969 [0, 0, 1, -38208469690, 531400530813293]
61813 [0, 0, 1, -10, 2]
61861 [1, 0, 0, -31, -68]
3826783321 [1, 0, 1, -118710007604, -15485734631932247]
61909 [1, 1, 0, -12, 7]
3832724281 [1, 1, 1, -47988901935, 2881670256925024]
3860261161 [0, -1, 1, 2573507441, -2875882733959405]
62131 [0, 1, 1, 1, 12]
3861006769 [1, -1, 1, -106901624917, 13757444784963190]
62137 [1, -1, 1, -28, 64]
62171 [0, 0, 1, 8, 8]
3865233241 [0, 0, 1, 30921865928, -1982519680566241]
3867720481 [1, -1, 1, -27405458665716, 55220937983431176304]
62191 [1, -1, 1, -7086, -227802]
3867720481 [1, 0, 0, -14500164660779, 21252375755855922746]
62191 [1, 1, 1, -3749, -89916]
3868964401 [1, 0, 1, -3182303823248, 2185047593577985459]
62201 [1, 1, 0, -822, 8737]
3884156329 [0, -1, 1, 2589437553, 2907107845514059]
62323 [0, 1, 1, 1, -12]
3884654929 [1, 0, 0, -318622634489, 69286048265177528]
62327 [1, 0, 0, -82, -293]
3903375529 [0, 0, 1, -42937130819, 1768066148708664]
62477 [0, 0, 1, -11, 7]
3905875009 [1, 0, 1, -56716560027, 5970690767549531]
62497 [1, 0, 1, -15, 23]
3929158489 [1, 0, 0, -25621387647, -3360569038612652]
62683 [1, 1, 0, -6, 11]
3961317721 [0, 1, 1, -44894934171, 4739399711079952]
62939 [0, 1, 1, -11, -23]
3978960241 [1, -1, 0, -6855132502460690, -218460064325742556822321]
3978960241 [1, -1, 0, -1722845, 870828264]
63103 [1, 0, 1, 9, 5]
3981988609 [1, 1, 0, 37745933690, -1120544713473729]
63131 [0, -1, 1, 10, 0]
3985523161 [0, -1, 1, 38526723890, -882977784413681]
63149 [0, -1, 1, -10, -1]
3987796201 [0, 1, 1, -41207227410, -1046954279180712]
