11 [0,-1,1,0,0]
11 [0,-1,1,-10,-20]
11 [0,-1,1,-7820,-263580]
17 [1,-1,1,-1,-14]
17 [1,-1,1,-6,-4]
17 [1,-1,1,-91,-310]
19 [0,1,1,1,0]
19 [0,1,1,-769,-8470]
19 [0,1,1,-9,-15]
37 [0,0,1,-1,0]
37 [0,1,1,-1873,-31833]
37 [0,1,1,-23,-50]
37 [0,1,1,-3,1]
43 [0,1,1,0,0]
53 [1,-1,1,0,0]
61 [1,0,0,-2,1]
67 [0,1,1,-12,-21]
73 [1,-1,0,4,-3]
79 [1,1,1,-2,0]
83 [1,1,1,1,0]
89 [1,1,0,4,5]
89 [1,1,1,-1,0]
101 [0,1,1,-1,-1]
109 [1,-1,0,-8,-7]
113 [1,1,1,3,-4]
131 [0,-1,1,1,0]
139 [1,1,0,-3,-4]
163 [0,0,1,-2,1]
179 [0,0,1,-1,-1]
197 [0,0,1,-5,4]
229 [1,0,0,-2,-1]
233 [1,0,1,0,11]
269 [0,0,1,-2,-1]
277 [1,0,1,0,-1]
307 [0,0,1,1,-1]
307 [0,0,1,-8,-9]
307 [0,-1,1,2,-1]
307 [1,1,0,0,-1]
331 [1,0,0,-5,4]
347 [0,1,1,2,0]
353 [1,1,1,-2,16]
359 [1,0,1,-23,39]
359 [1,-1,1,-7,8]
373 [0,1,1,-2,-2]
389 [0,1,1,-2,0]
431 [1,0,0,0,-1]
431 [1,-1,1,-9,-8]
433 [1,0,0,0,1]
443 [0,1,1,1,1]
443 [1,0,0,-3,-2]
443 [1,0,1,-84,-301]
467 [0,0,1,-4,3]
503 [1,0,0,-210,-1189]
503 [1,0,1,-32,-71]
503 [1,-1,0,2,-1]
557 [0,-1,1,-268,1781]
557 [1,1,0,0,1]
563 [1,1,1,-15,16]
571 [0,1,1,-4,2]
571 [0,-1,1,-929,-10595]
593 [1,0,0,-7,-30]
593 [1,0,1,-2,1]
643 [1,0,0,-4,3]
659 [0,1,1,-372,2641]
659 [1,1,0,-79,-306]
677 [1,1,1,2,0]
701 [0,-1,1,-2,1]
709 [0,-1,1,-2,0]
733 [1,1,0,-75,-284]
739 [0,0,1,1,1]
797 [1,0,0,2,1]
811 [0,0,1,-2,-2]
827 [0,0,1,-10,12]
829 [0,0,1,-4,-3]
997 [0,-1,1,-18,36]
997 [0,-1,1,-24,54]
997 [0,-1,1,-5,-3]
1153 [1,-1,1,-19,68]
1171 [1,-1,1,-3,0]
1187 [1,-1,1,0,-2]
1289 [1,0,1,-22,-75]
1321 [1,1,0,3,2]
1433 [1,0,1,-25,81]
1607 [1,0,0,-7,-8]
1621 [1,-1,1,-4,4]
1627 [1,1,1,-3,-2]
1901 [1,1,0,-29,-74]
1913 [1,1,0,-202,1025]
1913 [1,1,0,-34,-135]
2089 [1,-1,0,-214,-1153]
2089 [1,-1,0,-38,145]
2089 [1,1,1,-5,-6]
2161 [1,-1,0,1,2]
2213 [1,-1,0,-26,-45]
2273 [1,0,0,-42,-155]
2557 [1,0,0,-5,-4]
2609 [1,1,0,-1,2]
2749 [1,0,1,-2,-3]
3023 [1,-1,1,-4,0]
3089 [1,1,1,-59,-254]
3163 [1,0,1,3,-1]
3257 [1,0,1,-9,9]
3313 [1,0,1,-6,5]
3313 [1,-1,1,-64,268]
3469 [1,0,0,-26,49]
3547 [1,-1,0,4,-1]
4159 [1,-1,0,-7303,242050]
4289 [1,1,1,-84,326]
4337 [1,-1,1,-3,4]
4481 [1,-1,1,-13,20]
4481 [1,1,1,-6,2]
4493 [1,0,0,-32,67]
4799 [1,0,0,-31,64]
5303 [1,1,0,-4,-3]
5393 [1,0,0,-107,490]
5417 [1,-1,0,-7,10]
5417 [1,1,1,3,4]
5443 [1,1,0,4,-1]
5689 [1,-1,0,-113,-510]
5717 [1,1,0,-4,-7]
5867 [1,-1,0,-1,4]
6011 [1,1,0,1,4]
6199 [1,0,0,-146,667]
6199 [1,1,1,1,4]
6323 [1,0,1,-58,-173]
6451 [0,1,1,-242,-1533]
6571 [1,-1,1,-1,-4]
6691 [0,1,1,5,2]
6691 [1,0,0,1,4]
6823 [1,-1,1,-385,3000]
6911 [1,1,1,-250,-1626]
6967 [1,-1,0,-17,32]
7019 [1,0,0,-5,-2]
7057 [1,0,0,-438,-3565]
7057 [1,-1,0,-7,8]
7057 [1,1,0,-9195,-343232]
7057 [1,-1,1,-75,-230]
7109 [0,0,1,-14,-20]
7109 [1,1,0,-13,14]
7187 [0,1,1,-192,-1091]
7213 [0,-1,1,-117,528]
7219 [1,-1,1,-1,4]
7451 [0,0,1,-7,8]
7541 [0,0,1,-23,42]
7669 [0,0,1,-7,-6]
7699 [1,1,0,-16,-33]
7723 [0,0,1,-65,-202]
7723 [1,-1,0,1,4]
7757 [0,0,1,-5,-1]
7841 [1,1,1,-160,-846]
7867 [0,0,1,1,4]
8069 [1,1,1,-5,-2]
8101 [0,0,1,-16,24]
8219 [0,-1,1,-21,45]
8237 [1,1,0,2,5]
8363 [0,-1,1,-9,-9]
8363 [1,0,1,-86,297]
8443 [0,1,1,2,-4]
8543 [1,1,0,-8,5]
8597 [1,1,1,-8,4]
8623 [1,0,1,-11,-15]
8623 [1,1,0,-32,-85]
8699 [0,1,1,-31,57]
8713 [1,-1,0,-176,1037]
8747 [0,0,1,-1609,-24842]
8747 [0,0,1,-205,-1130]
8747 [0,-1,1,-111,489]
8747 [0,-1,1,3,3]
8803 [0,0,1,-11,-15]
8929 [1,-1,1,-16,28]
8999 [1,-1,1,-97,-342]
9011 [1,0,1,-2,-5]
9109 [0,1,1,-20,28]
9127 [1,-1,1,-40,106]
9127 [1,-1,1,-4,6]
9203 [0,-1,1,-3,6]
9277 [0,-1,1,-13,-14]
9341 [0,0,1,-11,13]
9413 [1,1,0,-5,-4]
9473 [1,0,0,-192,1105]
9479 [1,0,0,-7,-6]
9539 [0,-1,1,-4,7]
9551 [1,1,0,-6,-7]
9587 [0,1,1,-12,13]
9661 [0,1,1,-31,-78]
9811 [0,0,1,1,-5]
9811 [0,0,1,-26,51]
9811 [1,1,1,5,4]
9829 [0,0,1,-187,984]
9829 [0,0,1,-52,144]
9829 [0,1,1,-22,-48]
9901 [0,0,1,-373,-2773]
9923 [0,1,1,-13,-24]
10061 [0,0,1,-8,7]
10079 [1,-1,1,-33,80]
10099 [0,1,1,4,-3]
10099 [1,0,1,-7,-5]
10163 [1,0,1,-381,-2889]
10201 [0,-1,1,-13601,-348440]
10331 [0,0,1,-19,32]
10333 [0,0,1,-139,-631]
10333 [0,0,1,-40,97]
10333 [0,0,1,-94,-351]
10333 [0,-1,1,-28,67]
10333 [1,0,0,-17,-28]
10357 [1,1,1,-2,4]
10499 [0,-1,1,-11,-12]
10567 [1,-1,0,4,-5]
10567 [1,-1,0,-5,8]
10597 [0,1,1,-19,-39]
10639 [1,1,1,-4,4]
10789 [0,1,1,-37,75]
10859 [0,1,1,1,-5]
10859 [0,1,1,-356,-2708]
10957 [1,1,1,-12,-22]
10979 [0,0,1,-28,57]
11003 [1,1,1,-3,4]
11119 [1,1,0,-9,-14]
11171 [0,-1,1,-4,-5]
11177 [1,-1,1,-45,126]
11197 [1,-1,1,-6,0]
11251 [0,1,1,-25,-58]
11321 [1,1,0,-13,-24]
11321 [1,1,0,6,1]
11353 [1,0,1,-7,-9]
11467 [1,-1,1,-6,2]
11483 [0,0,1,-112,456]
11789 [1,1,1,-7,-8]
11881 [1,-1,1,-97276,-11671412]
11909 [0,1,1,-10,8]
11923 [0,1,1,-59,156]
11939 [0,-1,1,4,3]
11939 [0,-1,1,-57,186]
11939 [0,-1,1,6,-3]
11971 [0,0,1,1,5]
12007 [1,1,0,-6,1]
12011 [0,-1,1,-9,15]
12101 [1,1,0,-12,-23]
12163 [0,-1,1,-10,17]
12163 [0,1,1,-53,-168]
12163 [1,1,1,-4,-8]
12203 [0,-1,1,-230,1422]
12203 [1,-1,0,-521,4710]
12277 [1,-1,1,2,-6]
12289 [1,0,0,-81,274]
12413 [1,1,0,-6,-11]
12553 [1,1,0,-1,-6]
12619 [0,0,1,-8,10]
12619 [1,-1,1,-811,-8682]
12763 [1,-1,1,-7,10]
12769 [1,0,0,38041,-7303166]
13043 [1,0,1,-35,-81]
13523 [0,-1,1,-68,-195]
13523 [1,0,0,-33,-76]
13537 [1,-1,1,-19,36]
13619 [1,1,1,-47,-144]
13649 [1,1,1,-7,6]
13723 [1,1,1,-10481,408636]
13723 [1,1,1,6,2]
14149 [0,0,1,-7,4]
14173 [0,-1,1,-13,22]
14347 [0,0,1,1,-6]
14389 [1,1,1,-22,30]
14411 [0,-1,1,-62,210]
14461 [1,1,1,5,-2]
14821 [0,-1,1,-6,0]
14957 [0,0,1,-11,-13]
15013 [0,0,1,-25,-48]
15083 [0,1,1,-34,66]
15101 [0,0,1,-401,-3091]
15173 [1,1,1,5,6]
15193 [1,0,0,-13,16]
15193 [1,-1,0,-311,-2158]
15227 [0,1,1,-13,15]
15299 [0,1,1,-27,46]
15391 [1,1,0,6,-1]
15551 [1,-1,0,-76,-237]
15619 [0,1,1,1,-6]
15641 [1,0,0,-5116,-141273]
15641 [1,0,1,-12,15]
15641 [1,0,1,-7,-3]
15641 [1,-1,1,-106,-392]
15661 [0,-1,1,-32,81]
15661 [0,-1,1,-6,3]
15661 [0,-1,1,-669,6888]
15661 [0,-1,1,-9,12]
15859 [1,-1,1,-741,-7574]
15877 [0,0,1,-7,-4]
15889 [1,1,1,-9,-16]
15971 [0,-1,1,-10,-11]
15973 [0,-1,1,-33,-63]
16057 [1,0,0,-13,18]
16061 [0,1,1,-6,-3]
16193 [1,1,1,-332,-2594]
16363 [0,0,1,-2,6]
16369 [1,1,1,-12,-20]
16411 [1,1,0,-4,-9]
16487 [1,-1,1,-3,-6]
16649 [1,-1,0,-194,-993]
16649 [1,-1,0,-806,-8609]
16811 [0,0,1,-1,6]
16829 [1,1,1,1,-6]
16883 [0,1,1,-203,-1184]
16883 [0,1,1,-3,-8]
16883 [1,-1,1,-195,1094]
16937 [1,-1,0,-1,-6]
16963 [0,1,1,-178,857]
17093 [0,1,1,-7,-7]
17093 [1,0,1,4,-5]
17161 [0,-1,1,11441,-1148675]
17299 [0,1,1,-11,12]
17299 [1,-1,1,-87,332]
17317 [1,-1,1,-145,-634]
17387 [0,0,1,2,6]
17387 [0,-1,1,-2,-6]
17387 [1,-1,1,0,6]
17389 [0,0,1,-7,3]
17627 [1,0,1,-619,5869]
17747 [0,0,1,5,-5]
17747 [0,-1,1,-3,-6]
17747 [1,-1,1,-15,26]
17989 [1,1,1,-7,0]
18059 [0,-1,1,-47,141]
18059 [1,1,0,7,4]
18097 [1,1,1,-10,6]
18097 [1,1,1,-54,130]
18127 [1,0,1,6,-1]
18127 [1,1,0,-44,-133]
18149 [0,1,1,-17,-33]
18251 [0,1,1,-10,-18]
18251 [1,0,0,-40,-101]
18269 [1,-1,1,-19,-26]
18287 [1,-1,1,-7,0]
18289 [1,-1,1,-376,-2844]
18397 [0,0,1,-181,937]
18397 [0,-1,1,-9,-6]
18523 [1,1,1,-7,-6]
18731 [0,1,1,-124,492]
19079 [1,0,0,-4,7]
19081 [1,-1,1,-7,-8]
19211 [1,0,1,-5,7]
19321 [1,0,0,-68026,6991239]
19387 [0,1,1,-363,-2787]
19387 [0,1,1,7,3]
19759 [1,0,0,-10,-11]
20051 [0,0,1,-406,-3149]
20089 [1,-1,1,-4,8]
20123 [0,1,1,-4,6]
20261 [0,1,1,-11,9]
20323 [1,-1,0,-10,13]
20357 [0,0,1,-11,12]
20411 [0,1,1,-2,-8]
20521 [1,1,1,-2,-8]
20627 [0,0,1,-43,-109]
20707 [0,1,1,7,0]
20707 [1,1,1,-39,-110]
20759 [1,1,1,-2,6]
20899 [0,0,1,-101,-391]
21089 [1,0,0,-434,3589]
21221 [1,-1,1,-9,14]
21269 [0,1,1,-40,-112]
21277 [0,0,1,-7,1]
21323 [0,-1,1,-40,112]
21493 [0,-1,1,-66,-186]
21589 [1,0,1,-3652,84625]
21613 [1,0,1,-36,-85]
21673 [1,-1,0,-446,-3663]
21773 [0,1,1,-13,-22]
21851 [0,0,1,-4,-8]
21977 [1,1,1,-77,228]
22013 [1,-1,1,-6,10]
22189 [0,1,1,-7,0]
22229 [1,-1,1,-96,384]
22247 [1,-1,1,-76,272]
22349 [0,1,1,-39,-108]
22453 [1,1,1,7,4]
22481 [1,1,1,-4,6]
22501 [0,-1,1,-26,60]
22511 [1,0,0,-5,8]
22619 [1,0,0,-10,9]
22621 [1,0,1,-25,45]
22643 [0,0,1,-1,7]
22651 [0,-1,1,-12,22]
22699 [0,0,1,-716,7374]
22699 [1,-1,1,-43,118]
22769 [1,-1,0,-10,17]
22963 [0,1,1,-23,36]
22963 [0,-1,1,-9,16]
23003 [0,1,1,-54,136]
23011 [0,-1,1,-9202,342845]
23011 [1,1,1,-29,-72]
23021 [0,0,1,-8,-5]
23279 [1,0,1,-2,7]
23417 [1,-1,0,-38,-81]
23459 [0,-1,1,3,6]
23473 [1,-1,1,-484,4368]
23539 [0,-1,1,-4,-7]
23561 [1,-1,1,6,-6]
23581 [0,0,1,-1684,-26599]
23669 [1,-1,1,-3,8]
23741 [0,0,1,-14,-19]
23743 [1,-1,0,-7,2]
23773 [0,-1,1,-7,4]
23813 [1,-1,1,-360,-2536]
23827 [0,-1,1,-13,-16]
23827 [0,1,1,-7,8]
23831 [1,0,1,-9,-7]
23833 [1,-1,0,-2,-7]
23917 [1,0,1,-42,99]
23957 [1,1,0,-17,20]
24061 [0,1,1,-41,-116]
24091 [0,1,1,-462,3672]
24109 [1,0,1,3,-7]
24197 [1,1,1,-10,-14]
24251 [1,0,1,-9,5]
24281 [1,0,0,-9,-8]
24371 [0,0,1,-19,-33]
24373 [1,-1,0,-173,-834]
24379 [0,-1,1,1,7]
24379 [0,1,1,4,-6]
24379 [1,0,1,-5,-9]
24443 [1,-1,1,-6,-8]
24533 [0,0,1,-179,-922]
24533 [0,-1,1,-13,-13]
24533 [0,-1,1,-46,-106]
24533 [1,-1,0,-1571,24364]
24571 [0,0,1,-47,124]
24649 [1,1,0,-42,125]
24649 [1,1,1,-1048096,551582926]
24659 [0,1,1,-9,10]
24691 [0,-1,1,-12744,-549515]
24821 [1,1,0,-17,22]
24859 [0,1,1,-4,-10]
24917 [1,0,0,-8,-5]
24977 [1,1,1,7,0]
25031 [1,1,0,-996,11693]
25121 [1,1,0,-19,26]
25189 [0,1,1,-7,-3]
25219 [0,0,1,7,-3]
25229 [0,-1,1,-7,2]
25307 [0,0,1,-4,8]
25469 [0,0,1,-32,69]
25469 [0,1,1,-110,-483]
25469 [1,-1,1,-574,5432]
25541 [0,0,1,-11,-12]
25589 [0,-1,1,-9,-5]
25693 [0,1,1,-41,88]
26029 [1,-1,0,-13,20]
26083 [1,-1,0,-22,45]
26119 [1,-1,1,-57,178]
26171 [0,0,1,-49,132]
26177 [1,0,1,4,7]
26209 [1,-1,0,7,2]
26249 [1,0,0,-7,10]
26459 [0,0,1,2,-8]
26569 [0,0,1,-2174420,1234136692]
26569 [0,0,1,-53138,-5413434]
26569 [0,0,1,-57772164980,-5344733777551611]
26633 [1,1,0,-549,-5350]
26687 [1,1,0,-26,41]
26693 [0,0,1,-8,-4]
26731 [0,-1,1,5,5]
26821 [1,1,1,-939,10684]
26891 [0,1,1,-19,27]
26893 [1,-1,1,-9,-4]
27043 [0,-1,1,-73,266]
27067 [0,1,1,-13,-25]
27103 [1,0,0,-2016,34673]
27143 [1,0,0,1,8]
27647 [1,0,0,-3,8]
27647 [1,0,0,3,8]
27673 [1,1,1,-8,0]
27749 [0,1,1,-15,-27]
27773 [1,-1,0,-34567,-2465042]
27773 [1,-1,1,-12,20]
27773 [1,-1,1,-21,42]
27953 [1,0,0,-577,-5550]
28027 [0,0,1,7,-4]
28123 [0,-1,1,6,4]
28279 [1,0,0,1,-8]
28279 [1,0,0,-4,-9]
28279 [1,0,1,-167,813]
28279 [1,-1,0,-5,-8]
28279 [1,1,0,-79,240]
28279 [1,-1,1,-1,8]
28279 [1,-1,1,-28,-50]
28309 [1,1,0,-9,4]
28387 [1,-1,1,-10,-12]
28477 [1,-1,1,-25,-42]
28571 [0,-1,1,-4,10]
28579 [1,1,0,-6,-13]
28621 [0,0,1,-16,23]
28817 [1,0,0,-12,17]
28921 [1,0,1,-10,-15]
28927 [1,-1,1,-561,5250]
28979 [0,0,1,-166,823]
28979 [0,0,1,-4,-9]
29017 [1,-1,0,-3107,67442]
29027 [0,1,1,8,3]
29101 [0,1,1,-51,124]
29147 [0,-1,1,-498,-4116]
29147 [0,-1,1,8,-2]
29339 [0,0,1,-1,8]
29501 [0,0,1,-8,-3]
29567 [1,1,0,1,-8]
29611 [1,1,1,-74,-276]
29723 [0,1,1,7,7]
29789 [0,-1,1,-9,10]
29803 [0,1,1,7,-3]
29917 [1,1,1,-3,-10]
29989 [1,-1,0,-46,-109]
30059 [0,-1,1,-14,-18]
30091 [0,-1,1,3,7]
30091 [0,1,1,-552,4812]
30091 [1,0,1,-63,185]
30109 [0,1,1,-196815,33541918]
30133 [0,-1,1,-17,-21]
30169 [1,-1,0,-23,-38]
30223 [1,1,1,-20,-44]
30223 [1,-1,1,-46,-108]
30307 [0,-1,1,8,-1]
30313 [1,-1,0,-2,9]
30367 [1,1,1,-8,-6]
30427 [0,1,1,-88,290]
30467 [0,-1,1,-2,9]
30493 [0,0,1,-19,-31]
30509 [0,0,1,-11,11]
30689 [1,1,1,-634,-6584]
30707 [0,0,1,5,7]
30727 [1,-1,0,-35,-72]
30841 [1,1,0,-149,-766]
30851 [0,0,1,-64,197]
30851 [0,1,1,-39,82]
30851 [0,-1,1,8,-5]
30851 [1,-1,1,6,4]
30853 [0,0,1,-49,-132]
30931 [1,1,0,-8,1]
30949 [0,1,1,-25,-57]
30977 [1,-1,0,8,-3]
31019 [0,-1,1,-4,-8]
31039 [1,0,0,-42,101]
31069 [1,-1,0,-19,36]
31147 [0,1,1,3,9]
31267 [0,-1,1,-3,-8]
31319 [1,-1,0,-8,5]
31393 [1,-1,1,-649,6698]
31547 [0,1,1,-11,13]
31607 [1,-1,1,-10,10]
31699 [0,0,1,7,-5]
31771 [1,0,0,-75,244]
31891 [0,1,1,8,5]
32009 [1,1,0,-19,24]
32027 [1,1,1,-8,-2]
32041 [0,0,1,-32041,4301504]
32041 [1,-1,0,-11,-14]
32041 [1,-1,1,-358459,96335772]
32059 [0,0,1,-26,-52]
32059 [0,0,1,-8,12]
32059 [0,-1,1,-51,-125]
32069 [0,1,1,-27,45]
32141 [1,1,1,-60,154]
32309 [0,0,1,-161,786]
32323 [0,1,1,-15,-30]
32413 [1,0,1,-11,-11]
32561 [1,0,0,8,1]
32561 [1,-1,0,-274,-1679]
32561 [1,1,1,-1360,18738]
32563 [0,0,1,-2,-9]
32621 [1,1,1,-630,5824]
32707 [1,1,0,-66,181]
32797 [0,0,1,-22,-39]
32797 [1,1,1,2,-8]
32801 [1,1,1,-5,-12]
32843 [1,1,0,-51,-164]
32909 [0,1,1,-10,-13]
33347 [0,1,1,-57,148]
33427 [0,0,1,-29,-61]
33469 [0,1,1,-115,438]
33587 [0,0,1,2,-9]
33629 [0,-1,1,-29,70]
33811 [1,0,0,-14,17]
33893 [1,-1,1,-15,-20]
34147 [1,0,0,-7,-12]
34213 [1,0,0,2,9]
34253 [1,-1,1,-55,-142]
34259 [1,1,1,-10,4]
34261 [0,-1,1,-36,-72]
34487 [1,-1,0,8,-5]
34589 [0,1,1,-37,-100]
34613 [0,0,1,-15023,-708734]
34613 [0,1,1,-1081,-14047]
34667 [1,-1,0,-8,1]
34721 [1,-1,0,-8,3]
34721 [1,-1,1,-13,-12]
34757 [0,1,1,-9,3]
34819 [0,1,1,6,9]
34841 [1,1,1,5,-6]
34939 [0,1,1,1,9]
35083 [0,1,1,1,-9]
35083 [0,1,1,-4,8]
35083 [0,-1,1,-7738,264590]
35117 [0,-1,1,-74,271]
35153 [1,1,0,3,10]
35251 [0,-1,1,5,-10]
35291 [0,1,1,-10,12]
35401 [1,1,0,-19,-40]
35491 [0,-1,1,-15,-20]
35531 [0,0,1,-16,26]
35533 [0,0,1,-25,47]
35597 [1,0,0,-10,-9]
35759 [1,0,0,-242,1429]
35837 [1,0,1,-1140,-14901]
35963 [0,-1,1,-13,25]
35963 [0,1,1,-348,2386]
36187 [1,0,1,1,9]
36191 [1,1,1,3,10]
36307 [0,-1,1,8,-7]
36451 [0,0,1,-2,9]
36467 [0,0,1,-10,15]
36467 [0,1,1,-5528,-160055]
36479 [1,1,1,-15,14]
36481 [1,0,1,-3338772,2348757215]
36481 [1,0,1,-92,-345]
36523 [0,-1,1,2,-10]
36541 [1,-1,0,-14,-19]
36571 [0,1,1,5,-7]
36643 [0,-1,1,-4,11]
36739 [0,1,1,-44,99]
36739 [1,1,1,-14,-24]
36779 [0,-1,1,-826,9418]
36781 [0,1,1,-431,3304]
36781 [0,1,1,-6914,-223601]
36781 [0,1,1,-766,-8421]
36787 [1,0,0,2,-9]
36791 [1,1,0,3,-8]
36791 [1,1,1,8,0]
36899 [0,0,1,-1,9]
36923 [1,1,1,-9,10]
36931 [1,0,0,-22,39]
37013 [1,1,1,-59,150]
37171 [0,0,1,4,-9]
37181 [1,1,1,3,-8]
37313 [1,0,0,-772,8385]
37369 [1,1,0,-788,-8851]
37691 [0,0,1,-7,-12]
37699 [0,-1,1,-6,13]
37781 [0,0,1,-113,462]
37811 [0,-1,1,-10,19]
37811 [1,0,1,-12,-13]
37813 [1,0,1,-11,15]
38053 [0,0,1,-10,-8]
38053 [0,0,1,-28,56]
38053 [0,1,1,-47,109]
38053 [1,1,0,-78,235]
38219 [0,1,1,4,-8]
38231 [1,-1,0,-4,11]
38237 [0,1,1,-10,5]
38261 [1,1,0,-1,-10]
38287 [1,1,1,2,10]
38317 [1,0,0,8,-3]
38333 [0,-1,1,-597,5818]
38557 [0,0,1,-16,-23]
38593 [1,1,0,-8,-5]
38593 [1,1,1,-12632622,-17287039382]
38611 [0,-1,1,-7,-10]
38669 [0,-1,1,-25,-40]
38791 [1,-1,1,-69,-202]
38809 [0,0,1,-194045,32492835]
38873 [1,1,0,-804,8645]
38971 [0,-1,1,8,2]
38971 [1,-1,0,-25,54]
39023 [1,-1,1,-6,12]
39113 [1,0,0,-103,394]
39113 [1,-1,0,2,9]
39113 [1,1,0,-52,125]
39133 [0,1,1,-18,-35]
39133 [0,1,1,-273,1648]
39133 [1,-1,1,8,0]
39139 [0,1,1,-6,9]
39139 [1,1,1,-10,-12]
39251 [1,0,1,7,-5]
39293 [1,0,0,-3,-10]
39301 [0,-1,1,-34,88]
39323 [0,-1,1,-3,-9]
39509 [0,0,1,-14,-18]
39733 [1,1,1,-17,18]
39847 [1,1,1,-9,-8]
39883 [0,1,1,-14,18]
40087 [1,-1,1,-15,-16]
40123 [0,0,1,-20,-36]
40123 [1,-1,1,5,-10]
40127 [1,0,0,-58,165]
40129 [1,1,0,9,2]
40237 [0,1,1,-78,-293]
40253 [0,-1,1,-112,-421]
40283 [0,-1,1,5,7]
40283 [1,-1,1,0,-10]
40577 [1,0,1,-5,-11]
40697 [1,-1,0,-1,10]
40699 [1,-1,0,-5,12]
40759 [1,1,0,2,-9]
41011 [0,1,1,-9,-18]
41131 [0,0,1,1,-10]
41183 [1,-1,0,8,3]
41213 [1,0,1,-1368761,-616480979]
41453 [1,-1,0,8,-7]
41539 [0,-1,1,-19,-28]
41579 [0,0,1,2,-10]
41579 [0,1,1,6,10]
41579 [1,-1,1,-9,-12]
41597 [1,-1,0,-12803,560804]
41659 [0,1,1,3,-9]
41809 [1,0,1,8,3]
41813 [1,-1,1,-10,-4]
41851 [0,0,1,-119,-500]
41959 [1,-1,1,-9,2]
41981 [0,-1,1,-9,-2]
42013 [1,1,0,-30,53]
42089 [1,0,1,-872,10035]
42101 [0,1,1,-314,-2250]
42307 [0,1,1,-2,9]
42373 [1,-1,1,-1,-10]
42443 [1,0,1,-26,-51]
42467 [0,1,1,-2,-11]
42577 [1,1,1,-281,1696]
42589 [0,1,1,-9,-8]
42643 [0,0,1,-17,-29]
42667 [0,1,1,8,8]
42677 [1,-1,1,6,6]
42787 [0,-1,1,-23,52]
42787 [1,-1,0,-19,-26]
42797 [0,1,1,-43,-124]
42859 [1,-1,0,-248,1567]
42859 [1,1,1,4,-8]
42899 [0,-1,1,-9,-12]
43291 [1,-1,0,-43,-98]
43321 [1,1,0,8,-3]
43403 [1,1,1,-18,20]
43427 [0,-1,1,-22,49]
43441 [1,0,1,-15,-25]
43591 [1,1,1,-24,34]
43613 [0,0,1,-23,41]
43627 [1,0,1,-687,-6981]
43633 [1,0,0,-3,10]
43651 [1,1,0,-16,17]
43669 [0,0,1,-19,30]
43711 [1,0,0,-9,2]
43943 [1,1,0,-15,-32]
43973 [1,0,0,1,-10]
44179 [1,0,1,8,-3]
44189 [1,-1,0,-16,-23]
44293 [1,1,1,-1274,16972]
44491 [1,1,1,-185,-1046]
44501 [0,-1,1,-9,7]
44587 [1,1,1,7,10]
44641 [1,-1,1,-48,138]
44683 [1,1,0,-12,-25]
44699 [1,1,1,-32,-84]
44701 [1,0,0,-55,-162]
44771 [0,1,1,-29,52]
44867 [0,-1,1,2,-11]
44963 [0,0,1,5,9]
45361 [1,0,1,-1934,32563]
45361 [1,1,1,-9,-2]
45433 [1,-1,0,-941,11562]
45553 [1,1,0,-16,21]
45557 [1,-1,0,-1,-10]
45569 [1,0,1,-9,-15]
45589 [1,1,0,1,-10]
45691 [0,-1,1,-32,82]
45763 [0,1,1,-29,-72]
45827 [0,0,1,-4,-11]
45979 [1,1,1,-1025,12204]
46219 [0,1,1,8,-4]
46307 [1,0,0,-9,-2]
46477 [1,-1,0,4,9]
46507 [0,1,1,2,-10]
46867 [0,1,1,-3,-12]
47017 [1,-1,0,4,-11]
47017 [1,1,1,-152,658]
47051 [0,0,1,8,-6]
47087 [1,-1,1,-31,72]
47123 [0,0,1,-31,67]
47143 [1,-1,0,-31,74]
47149 [1,0,1,5,-9]
47309 [0,1,1,-52,-163]
47387 [0,1,1,-1333837,-593373237]
47387 [0,1,1,-138,580]
47387 [0,1,1,-83,265]
47389 [1,1,1,9,2]
47459 [0,-1,1,-9,18]
47563 [0,-1,1,1,-11]
47701 [1,0,0,-15,-26]
47701 [1,0,1,-34,-77]
47797 [0,1,1,-18,22]
47843 [0,0,1,-25,49]
47857 [1,1,1,-12,14]
47977 [1,1,1,-34,-90]
48187 [0,0,1,-23,-44]
48221 [0,0,1,-11,9]
48313 [1,-1,1,-181,-890]
48337 [1,1,0,6,-7]
48463 [1,0,1,-6,11]
48491 [1,0,0,-10,-17]
48533 [1,0,1,-2,-11]
48563 [1,-1,1,-30,-56]
48571 [0,-1,1,-4,-10]
48589 [0,-1,1,-9,0]
48731 [0,1,1,-165,763]
48817 [1,-1,1,-949,-11010]
48869 [1,-1,0,-13,-18]
48907 [0,0,1,-8,-14]
48947 [1,1,1,-19,22]
48973 [1,0,0,-12,-13]
49031 [1,-1,0,-26,57]
49121 [1,1,0,-96,325]
49363 [0,1,1,2,11]
49411 [0,0,1,-2,-11]
49411 [0,0,1,-74,245]
49411 [0,1,1,-9,12]
49429 [0,0,1,-22,38]
49499 [1,-1,0,-10,19]
49547 [0,-1,1,-7,-11]
49597 [1,0,0,9,-2]
49739 [0,1,1,9,7]
49831 [1,0,0,-79,264]
49877 [1,-1,1,-24,-40]
49921 [1,1,0,-49,114]
50093 [0,0,1,-275,1755]
50147 [1,-1,0,-3412,-75865]
50177 [1,0,1,6,9]
50221 [1,0,1,-29,55]
50329 [1,1,1,-207,1060]
50333 [0,1,1,-118,-535]
50363 [0,0,1,-211,-1180]
50459 [1,1,1,-142,592]
50497 [1,0,0,-91,-342]
50581 [1,-1,1,8,-8]
50707 [0,0,1,-83,291]
50723 [1,-1,1,-10,-2]
50753 [1,0,0,-1367,-19568]
50753 [1,1,0,-34,63]
50821 [0,1,1,-9,-5]
50867 [0,-1,1,4,9]
50923 [0,0,1,-11,-18]
50923 [0,0,1,-1901,31902]
50923 [0,1,1,-13,17]
50971 [0,-1,1,-1464925,682939109]
50971 [0,-1,1,8,-10]
50971 [0,1,1,-87,285]
51229 [0,1,1,-82,-315]
51287 [1,0,1,1,-11]
51343 [1,1,1,-5,-14]
51383 [1,1,1,-17,-32]
51413 [0,-1,1,-18,34]
51437 [0,-1,1,-103,-370]
51437 [0,1,1,-160,-835]
51437 [0,-1,1,-9,4]
51437 [1,1,0,-10,3]
51581 [0,1,1,-34,65]
51593 [1,0,1,-1070,-13779]
51803 [1,-1,1,-10,6]
51827 [0,-1,1,3,-12]
51839 [1,1,1,4,12]
51839 [1,-1,1,9,-2]
52021 [0,-1,1,-9,3]
52021 [1,1,1,-7,10]
52147 [0,0,1,-18800,992167]
52147 [0,1,1,-38,-105]
52181 [0,-1,1,-17,31]
52237 [0,0,1,-40,-97]
52379 [0,1,1,1,-11]
52441 [1,0,1,-105975,-10002423]
52453 [0,-1,1,-13,-11]
52541 [0,1,1,-364,2555]
52541 [0,-1,1,-661361,207237598]
52541 [1,-1,1,9,-4]
52727 [1,0,0,-73,-246]
52837 [1,0,1,-12,9]
52901 [1,-1,0,-11,12]
53381 [1,1,1,-217,1140]
53653 [1,1,0,-11,14]
53777 [1,1,0,-18,25]
53891 [0,0,1,-7,13]
54101 [0,-1,1,-11,13]
54163 [0,0,1,-2,11]
54287 [1,1,1,-19,-38]
54289 [1,1,0,26014,141803465]
54403 [0,-1,1,-13,26]
54413 [0,0,1,-14,-17]
54503 [1,-1,1,-102,420]
54539 [0,-1,1,-11,-15]
54539 [1,0,0,-17,-26]
54559 [1,-1,1,2,-12]
54577 [1,-1,1,-10,-14]
54583 [1,0,1,3,11]
54767 [1,0,1,-10,-17]
54787 [0,-1,1,-6,-11]
54851 [0,-1,1,-22,-35]
54869 [0,-1,1,-15,25]
54919 [1,-1,0,-58,185]
55171 [0,0,1,-17,29]
55171 [0,-1,1,3,10]
55171 [1,-1,0,-14,27]
55229 [1,1,0,-9,-4]
55339 [0,1,1,4,12]
55339 [0,1,1,-7,11]
55411 [0,1,1,-117,450]
55411 [0,-1,1,8,5]
55547 [0,0,1,-4,-12]
55579 [0,1,1,9,-3]
55787 [0,-1,1,-12,24]
55813 [1,0,1,-79499,8620909]
55837 [0,0,1,-25,-47]
55949 [1,1,1,-19,-42]
56123 [0,-1,1,-28,-50]
56197 [0,0,1,-10,4]
56299 [0,-1,1,-149,-653]
56299 [1,1,0,-1,-12]
56377 [1,-1,1,5,-12]
56383 [1,0,0,-1100,13951]
56383 [1,0,0,-78,259]
56477 [0,1,1,-88,-349]
56533 [0,-1,1,-13,19]
56533 [1,1,1,-4,10]
56611 [0,1,1,3,12]
56629 [0,0,1,-19,-30]
56681 [1,1,0,9,10]
56747 [0,-1,1,-172,928]
56773 [1,-1,0,-2,-11]
56827 [0,0,1,-5,12]
56983 [1,0,1,-16,19]
57059 [0,-1,1,1,-12]
57059 [1,-1,0,-55,172]
57203 [0,0,1,-10,-17]
57203 [0,1,1,-30,55]
57203 [1,-1,0,2,11]
57331 [1,-1,0,-880,-9831]
57347 [1,-1,0,5,-12]
57373 [1,0,1,-25,43]
57383 [1,0,1,-57,159]
57527 [1,-1,0,-2858,59529]
57529 [1,1,1,-99,338]
57557 [1,1,1,-8,-18]
57587 [0,-1,1,8,-11]
57709 [0,1,1,-35,-92]
57781 [0,0,1,-16,-22]
57923 [0,0,1,5,-11]
57923 [0,-1,1,10,-3]
58027 [0,-1,1,-3,-11]
58027 [0,-1,1,7,7]
58049 [1,0,0,-10,3]
58049 [1,0,1,-1504,-22565]
58049 [1,-1,1,-94,372]
58379 [0,1,1,-12,16]
58537 [1,0,1,-2192,-39671]
58537 [1,-1,0,-778,-8161]
58699 [0,0,1,-11,18]
58699 [0,0,1,-551,4978]
58771 [0,0,1,4,11]
58771 [0,-1,1,10,-5]
58771 [1,-1,1,-34,-68]
58907 [0,1,1,8,-6]
58921 [1,0,1,7,9]
59113 [1,-1,0,-1226,-16463]
59207 [1,0,1,4,-11]
59219 [0,-1,1,-141,-600]
59219 [1,-1,0,-1,12]
59243 [1,0,1,-411,3167]
59393 [1,0,0,-59,170]
59471 [1,0,0,-42,-109]
59471 [1,-1,1,-12,22]
59509 [0,1,1,-44,-128]
59509 [1,0,0,4,-11]
59581 [1,1,1,-4,-14]
59669 [0,-1,1,-12,-8]
59707 [0,0,1,1,-12]
59723 [0,0,1,-61666,5894090]
59723 [0,0,1,-7,-14]
59779 [0,0,1,-29,61]
59809 [1,1,1,-510,-4646]
59957 [0,0,1,-1331,18690]
60089 [1,1,0,-1246,16665]
60107 [0,1,1,3,-11]
60397 [1,0,0,-83,284]
60589 [1,-1,0,10,-3]
60659 [1,-1,1,6,-12]
60727 [1,1,0,-11,-14]
60733 [0,0,1,-10,-3]
60901 [1,1,0,-1928,-33401]
60901 [1,1,0,-898,-10741]
61141 [0,-1,1,-22,46]
61261 [1,1,0,-229,-1434]
61403 [0,1,1,-23,37]
61507 [1,-1,1,-13,24]
61547 [1,1,0,-31,54]
61651 [1,0,0,-12,19]
61723 [0,1,1,10,0]
61813 [0,0,1,-10,2]
61861 [1,0,0,-31,-68]
61909 [1,1,0,-12,7]
62131 [0,1,1,1,12]
62137 [1,-1,1,-28,64]
62171 [0,0,1,8,8]
62191 [1,1,1,-3749,-89916]
62191 [1,-1,1,-7086,-227802]
62201 [1,1,0,-822,8737]
62323 [0,1,1,1,-12]
62327 [1,0,0,-82,-293]
62477 [0,0,1,-11,7]
62497 [1,0,1,-15,23]
62683 [1,1,0,-6,11]
62939 [0,1,1,-11,-23]
63103 [1,0,1,9,5]
63131 [0,-1,1,10,0]
63149 [0,-1,1,-10,-1]
63197 [1,-1,1,-39,-84]
63281 [1,0,0,-455,3698]
63493 [0,1,1,-17,19]
63559 [1,1,0,-39,80]
63601 [1,1,1,10,4]
63907 [0,-1,1,9,4]
63997 [0,-1,1,-59,-156]
64237 [0,-1,1,-10,7]
64439 [1,0,1,-7,13]
64451 [0,1,1,-3114,65857]
64489 [1,1,0,-8,-19]
64679 [1,1,1,1,-12]
64709 [1,-1,0,-14,-13]
64763 [0,0,1,-1,12]
64891 [0,0,1,1,12]
65033 [1,1,0,-10,-9]
65063 [1,0,1,-16,25]
65089 [1,-1,1,-1351,-19024]
65267 [0,0,1,-184,-961]
65267 [0,1,1,4,13]
65267 [1,-1,0,8,7]
65269 [0,0,1,-37,-86]
65323 [0,0,1,10,-2]
65407 [1,1,0,10,-1]
65419 [1,0,1,-17,27]
65537 [1,-1,0,-3917,95344]
65537 [1,1,1,-14,10]
65563 [0,1,1,-85,275]
65581 [0,1,1,-11,4]
65701 [0,0,1,-73,-240]
65789 [0,1,1,-10,-7]
65843 [0,0,1,8,-9]
65899 [1,-1,0,7,-12]
66107 [0,1,1,2,-12]
66109 [0,-1,1,-12,15]
66109 [0,-1,1,-925,-10526]
66523 [0,-1,1,10,-8]
66529 [1,-1,0,-1174,-15193]
66529 [1,-1,1,-27,58]
66533 [0,-1,1,-108,-398]
66587 [0,-1,1,-2,-12]
66863 [1,1,0,-12335,-532472]
66863 [1,1,0,-36,-101]
66883 [0,1,1,-18,-39]
67043 [0,1,1,-3,-14]
67043 [0,1,1,-50,-155]
67043 [0,1,1,6,13]
67103 [1,-1,0,-11,10]
67157 [1,0,0,-5342,-150727]
67157 [1,-1,1,-240,1488]
67231 [1,0,0,-156,737]
67339 [0,0,1,7,10]
67349 [0,1,1,-62,-210]
67427 [0,1,1,-12672,-553301]
67427 [1,0,1,-17,21]
67499 [0,1,1,-86,-338]
67531 [0,1,1,-74,222]
67619 [0,-1,1,1,12]
67699 [0,0,1,-8,15]
67843 [0,0,1,-5,13]
67843 [1,1,1,-69,-250]
67939 [1,1,0,-1,12]
67979 [1,0,0,-12,-11]
68059 [0,0,1,-14,-24]
68099 [0,1,1,-9,-20]
68219 [1,-1,0,2,-13]
68389 [0,-1,1,-84,-270]
68489 [1,1,0,-37,72]
68489 [1,-1,1,-289,-1816]
68489 [1,1,1,-35,64]
68597 [1,1,0,5,14]
68819 [0,-1,1,-17,36]
68821 [1,1,0,-692,-7303]
68863 [1,0,1,-57,-169]
68963 [1,0,0,-14,-25]
69011 [1,-1,0,-31,76]
69149 [0,-1,1,-10,5]
69197 [0,-1,1,-109,476]
69233 [1,0,0,-1437,-21350]
69317 [0,0,1,-41,100]
69337 [1,-1,0,10,-7]
69593 [1,1,1,2,-12]
69677 [0,1,1,-768,7941]
69697 [1,0,0,-2068523,1144915064]
69697 [1,0,1,-23,37]
69779 [1,0,1,-19,-35]
69821 [0,0,1,-128,557]
69821 [0,0,1,-29,-59]
69821 [0,1,1,-104,375]
69859 [1,-1,1,-19,38]
69929 [1,-1,1,-9,18]
69931 [0,-1,1,-7,17]
70067 [0,1,1,-13,18]
70163 [0,0,1,-1,-13]
70289 [1,0,0,-1459,21594]
70309 [0,-1,1,-10,4]
70373 [0,1,1,-62,168]
70381 [0,0,1,-13,-13]
70429 [0,1,1,-10,-3]
70439 [1,0,1,-9,15]
70549 [0,-1,1,-52,-128]
70607 [1,0,0,-2,-13]
70627 [0,1,1,3,-12]
70717 [0,-1,1,-14,21]
70783 [1,1,0,-14,-23]
70901 [0,0,1,-11,-6]
70981 [0,-1,1,-14,-12]
71147 [0,-1,1,-313,2239]
71147 [0,1,1,7,13]
71147 [1,0,0,-18,25]
71167 [1,1,0,-5,-16]
71333 [1,0,0,-6197,187252]
71333 [1,0,1,-12,-21]
71353 [1,-1,0,-1481,-21838]
71429 [1,1,0,-14,11]
71443 [0,0,1,-20,-37]
71483 [0,-1,1,-19,-29]
71483 [0,1,1,-74,-272]
71593 [1,0,0,-5,-14]
71647 [1,0,1,-12,-9]
71699 [0,1,1,-4,-15]
71837 [0,1,1,-18,21]
71941 [0,1,1,-11,-11]
72043 [0,-1,1,6,-14]
72053 [0,1,1,-11,3]
72091 [0,1,1,-2,12]
72091 [1,-1,0,-31,-58]
72139 [0,-1,1,-39,-83]
72139 [0,-1,1,-882,-9794]
72307 [0,-1,1,-4887,133138]
72361 [0,0,1,-144722,-14598832]
72379 [0,1,1,-6,12]
72577 [1,0,1,-11,1]
72577 [1,1,0,-182,-1025]
72679 [1,1,1,6,14]
72701 [1,1,1,-2,12]
72739 [1,-1,0,-125,-508]
72871 [1,0,0,8,-9]
72883 [0,0,1,-35,-81]
72901 [0,0,1,-43,-108]
72923 [0,1,1,1,13]
73013 [1,0,1,-11,-3]
73019 [0,-1,1,-136,658]
73127 [1,0,0,-520,4521]
73243 [1,1,0,-15,-26]
73259 [0,0,1,-13,22]
73277 [0,0,1,-11,5]
73351 [1,0,0,-470,3883]
73387 [1,-1,0,10,3]
73571 [1,1,0,-14,19]
73651 [0,-1,1,-12,25]
73709 [0,1,1,-70,203]
73709 [1,0,1,10,1]
73721 [1,1,1,-7,-18]
73757 [1,1,0,-110,-493]
74021 [0,1,1,-12,6]
74027 [0,1,1,-867,-10121]
74203 [1,1,1,-117,-536]
74297 [1,0,1,-5,13]
74323 [0,0,1,4,-13]
74323 [0,0,1,-86,307]
74323 [0,1,1,-3,12]
74377 [1,0,0,-2,13]
74411 [1,1,0,-24,-55]
74521 [1,1,0,-14,-31]
74713 [1,0,0,-507,4352]
74713 [1,1,1,-12,4]
74731 [0,1,1,-10,-22]
74797 [0,1,1,-13,-18]
74827 [0,0,1,-305,2050]
74861 [0,-1,1,-11,10]
75083 [0,-1,1,2,-14]
75109 [1,1,0,-14048,-646759]
75149 [0,0,1,-14,15]
75227 [0,-1,1,-51,159]
75347 [0,1,1,-36,73]
75437 [0,0,1,-11,-5]
75539 [0,1,1,-32,61]
75617 [1,1,0,-162,-865]
75617 [1,-1,0,-32,-61]
75689 [1,0,1,-1572,-24385]
75709 [1,0,0,-39,-98]
75743 [1,0,1,-16,-21]
75781 [0,0,1,-13,12]
76003 [0,-1,1,7,-14]
76159 [1,0,0,-55626,5045059]
76159 [1,0,1,3,-13]
76283 [0,0,1,-31,-68]
76421 [0,1,1,-314,2040]
76537 [1,1,1,-18,-40]
76579 [0,-1,1,-296,-1865]
76697 [1,-1,1,6,10]
76729 [1,0,0,36766,-16798367]
76729 [1,0,0,-75,-256]
76729 [1,0,1,-5756274,-5308624857]
77041 [1,-1,1,8,-12]
77069 [1,0,1,-2,13]
77201 [1,-1,1,-24,52]
77261 [0,-1,1,-32,-59]
77489 [1,-1,0,-40,109]
77543 [1,-1,1,-13,14]
77611 [1,1,1,-12,-14]
77723 [0,1,1,11,3]
77813 [0,1,1,-22,-46]
77849 [1,-1,0,-11,8]
77933 [1,0,1,-13,-23]
78277 [0,1,1,-489,4003]
78283 [0,0,1,10,-6]
78311 [1,1,0,-11,2]
78427 [0,0,1,-14,24]
78427 [0,0,1,-68,216]
78427 [0,1,1,-3,-15]
78427 [1,-1,0,-2,-13]
78643 [0,0,1,-50,-137]
78643 [0,-1,1,1,-14]
78877 [1,-1,1,-12,10]
78919 [1,0,1,-15,15]
79139 [0,-1,1,11,-2]
79397 [1,-1,0,-14,19]
79399 [1,0,0,9,-8]
79481 [1,1,1,-31,52]
79561 [1,-1,0,7,10]
79579 [0,-1,1,-37,101]
79621 [0,1,1,-12,-14]
79627 [0,-1,1,8,8]
79939 [0,0,1,4,13]
79939 [1,1,0,-38,-109]
79997 [1,0,0,-27,-58]
80141 [0,-1,1,-11,-2]
80153 [1,1,0,-1664,-27115]
80239 [1,0,0,-87,-320]
80309 [1,0,0,-94,-359]
80317 [1,1,0,-59,-202]
80567 [1,-1,1,0,-14]
80621 [0,0,1,-11,3]
80819 [1,0,0,4,-13]
80909 [0,0,1,-17,23]
80929 [1,0,1,-72,227]
80963 [0,1,1,-35,70]
81077 [0,1,1,-560053,-161508163]
81077 [1,0,1,-91,-339]
81163 [0,0,1,-2,-14]
81163 [0,-1,1,11,-1]
81163 [1,0,1,-965,11449]
81163 [1,1,0,-2545,48372]
81197 [0,-1,1,-30,-53]
81197 [1,-1,0,-1,14]
81307 [0,0,1,-8,16]
81349 [0,-1,1,-90,360]
81421 [1,1,0,1,14]
81611 [0,0,1,-1,-14]
81611 [0,1,1,-17,25]
81611 [1,-1,0,11,-4]
81629 [0,0,1,-14,-15]
81629 [0,1,1,-45,-132]
81629 [1,1,1,-37,70]
81671 [1,1,1,-17,16]
81701 [1,0,0,-5,14]
81901 [0,0,1,-19,-29]
81931 [1,0,1,-60,171]
81931 [1,1,1,-29,-74]
81937 [1,1,0,-676,6491]
82051 [0,-1,1,10,-11]
82163 [0,1,1,-43,96]
82171 [0,-1,1,10,4]
82207 [1,0,0,-8,-17]
82301 [0,1,1,-8591,303642]
82349 [0,0,1,-47,123]
82493 [0,1,1,-13,8]
82493 [1,-1,0,-17362,-876211]
82493 [1,-1,0,8,9]
82499 [0,1,1,11,0]
82619 [0,0,1,-16,28]
82619 [0,-1,1,8,-14]
82619 [1,-1,0,5,12]
82763 [0,-1,1,-10,22]
82939 [0,1,1,-9,-21]
82981 [1,-1,1,8,8]
82997 [0,0,1,-11,2]
83101 [1,1,0,-9,14]
83221 [1,0,0,-26,47]
83341 [1,0,1,-5,-15]
83341 [1,-1,1,-16,-24]
83591 [1,-1,1,9,6]
83843 [0,0,1,5,13]
83933 [0,-1,1,-22,-31]
83933 [1,1,0,-138,-685]
83933 [1,-1,0,-266,-1605]
84223 [1,-1,1,-10,-16]
84307 [1,1,1,-8,-20]
84443 [0,1,1,-118,456]
84443 [0,-1,1,-3,15]
84509 [0,0,1,-11,1]
84559 [1,1,0,-21,32]
84589 [0,-1,1,-34,-65]
84653 [0,1,1,-17,18]
84701 [1,1,0,-44,95]
84869 [0,0,1,-32,68]
84919 [1,0,1,-13,-11]
85103 [1,0,1,-46,115]
85363 [0,1,1,-18,27]
85427 [0,0,1,11,-1]
85427 [0,0,1,-268,-1689]
85427 [1,0,1,9,9]
85523 [0,1,1,10,-5]
85531 [0,-1,1,-30,-56]
85669 [0,1,1,-15,13]
85691 [0,-1,1,-12,-18]
85691 [0,1,1,-45,103]
85819 [0,1,1,11,-1]
85837 [0,1,1,-434,-3629]
85847 [1,0,1,-15,-27]
85933 [0,0,1,-13,11]
86083 [0,1,1,-20,-45]
86389 [1,1,0,-48,-151]
86491 [0,0,1,-836,-9304]
86923 [0,0,1,-107,426]
86923 [0,1,1,-204,1056]
87011 [0,0,1,-874,9945]
87013 [1,-1,1,-294,-1864]
87083 [0,1,1,5,15]
87083 [1,-1,1,-43,-96]
87211 [0,0,1,-2,14]
87281 [1,-1,1,-21,-34]
87317 [0,0,1,-461,-3810]
87427 [0,0,1,-20,37]
87443 [0,0,1,8,11]
87539 [0,-1,1,-7,-14]
87541 [1,1,1,1,-14]
87547 [0,1,1,8,14]
87743 [1,1,0,-11,16]
87803 [0,-1,1,11,1]
87853 [0,-1,1,-13,-8]
87877 [1,1,0,7,-10]
87931 [0,-1,1,-10,-16]
88001 [1,-1,0,-1,-14]
88001 [1,1,0,1,-14]
88003 [0,0,1,-476,3997]
88301 [0,1,1,-1394,-20505]
88337 [1,0,0,-15,16]
88339 [0,1,1,6,15]
88547 [0,-1,1,-11,24]
88811 [1,0,0,11,4]
88867 [0,0,1,-44,113]
88883 [1,-1,1,0,14]
89123 [0,1,1,-315,2050]
89227 [0,0,1,-140,-638]
89387 [0,0,1,-109,438]
89611 [0,-1,1,-80,304]
89681 [1,0,0,-54,149]
89767 [1,-1,0,-2,15]
89779 [0,-1,1,-54,-137]
89779 [0,1,1,-69,-246]
89779 [1,1,0,-4151,101228]
89839 [1,-1,1,-12,8]
89891 [0,0,1,-4,-15]
89899 [0,-1,1,-2,-14]
89899 [0,1,1,-6,-18]
89909 [1,-1,1,9,-12]
89917 [1,1,0,-15,-34]
89963 [0,-1,1,-4,16]
90001 [1,0,0,-29,56]
90001 [1,0,0,-71,224]
90001 [1,0,1,-7,15]
90001 [1,-1,1,-7608,-253502]
90523 [0,-1,1,-38,-80]
90731 [0,-1,1,1,-15]
90731 [1,1,0,-191,-1100]
90787 [0,-1,1,-131,-536]
91079 [1,-1,1,-34,82]
91099 [1,-1,1,-499,-4162]
91141 [0,1,1,-14,-20]
91229 [1,0,1,-27,-57]
91331 [0,-1,1,-2845,-57470]
91331 [1,1,1,5,-12]
91373 [1,1,0,-1,14]
91381 [0,1,1,-14,10]
91453 [0,1,1,-11,-2]
91459 [0,1,1,-26,-63]
91499 [0,1,1,11,9]
91801 [1,-1,0,-13,-8]
91801 [1,-1,0,-40,107]
91811 [0,1,1,-15,22]
91867 [0,1,1,7,15]
91873 [1,-1,1,-1909,-31922]
91909 [1,-1,0,10,-11]
91967 [1,1,1,-14,-20]
92003 [0,-1,1,-38,105]
92051 [1,-1,1,-177,948]
92179 [0,0,1,7,-13]
92179 [1,1,0,-34,-91]
92243 [0,-1,1,-14,-21]
92387 [1,0,0,-790,8481]
92399 [1,0,0,6,-13]
92419 [0,-1,1,11,2]
92467 [0,0,1,-5,15]
92557 [1,-1,0,-22,43]
92627 [1,-1,0,-16,-25]
92809 [1,-1,1,-12,-2]
92809 [1,1,1,-65,174]
92867 [0,-1,1,-73,-218]
92951 [1,-1,0,11,-8]
92987 [0,0,1,11,4]
92987 [0,0,1,-655,6452]
93053 [0,-1,1,-11,4]
93053 [1,1,1,11,0]
93089 [1,1,1,-1934,32236]
93131 [0,1,1,-212,1120]
93169 [1,-1,1,11,-2]
93241 [1,1,0,-11,-8]
93419 [0,-1,1,-236,-1320]
93637 [0,0,1,-16,-20]
93923 [0,0,1,-1,-15]
93941 [0,0,1,-14,-14]
93979 [0,-1,1,-64,-178]
93979 [1,1,1,-9,-22]
94099 [0,-1,1,4,13]
94117 [0,1,1,-94,-384]
94219 [0,-1,1,-246,1570]
94249 [0,0,1,-753992,253176376]
94249 [0,0,1,94249,21700832]
94249 [0,1,1,157082,4606856]
94249 [1,0,0,-49088,24744235]
94249 [1,-1,0,-19,-24]
94249 [1,-1,1,-1808403,833221538]
94309 [0,-1,1,-102,432]
94613 [0,1,1,-12,-12]
94651 [0,1,1,8,-10]
94651 [1,1,0,-11,-2]
94709 [1,0,0,-676,6709]
94837 [0,-1,1,-58,190]
95027 [0,1,1,-1138,14403]
95083 [0,-1,1,-395,3157]
95093 [0,0,1,-29,58]
95107 [0,-1,1,-17,-26]
95107 [1,1,1,4,16]
95131 [0,0,1,-341,-2424]
95339 [1,1,0,-16,23]
95443 [0,1,1,-325,2150]
95461 [0,-1,1,-286,1960]
95467 [0,-1,1,2,14]
95581 [1,-1,0,-44,-103]
95723 [0,0,1,-382,-2874]
95723 [0,0,1,5,14]
95723 [1,0,1,8,-11]
95869 [1,0,0,11,6]
95869 [1,0,1,-97,357]
95917 [0,1,1,-20,25]
95917 [1,0,1,-13,7]
95923 [0,0,1,-32,71]
95959 [1,-1,1,-13,-20]
96097 [1,0,1,-11,-21]
96401 [1,0,1,-28,55]
96443 [0,1,1,-129,523]
96443 [1,-1,1,-13,-6]
96469 [1,1,1,-16,22]
96671 [1,0,0,-7,16]
96779 [0,-1,1,-6,18]
96787 [1,-1,1,11,0]
96893 [0,1,1,-12,3]
97127 [1,-1,0,-10,-17]
97423 [1,0,0,-4,15]
97453 [1,-1,0,-14,29]
97523 [1,0,0,-169,-860]
97609 [1,0,0,-30,59]
97613 [0,0,1,-50,135]
97613 [1,1,0,-11,-26]
97673 [1,0,0,5,-14]
97813 [1,1,0,-6,-19]
97847 [1,0,1,-12,-1]
98081 [1,-1,1,-129,594]
98123 [0,-1,1,-25724,-1579476]
98299 [1,-1,0,-20,-33]
98347 [1,1,0,11,12]
98389 [1,-1,1,-229054,-42137062]
98443 [1,-1,0,-202,1157]
98459 [0,-1,1,6,12]
98597 [0,1,1,-255,1485]
98627 [0,1,1,-22,-51]
98731 [1,0,1,2,15]
98837 [0,0,1,-35,78]
98869 [0,-1,1,-105,-381]
99017 [1,1,1,-178,840]
99079 [1,0,1,11,3]
99251 [0,0,1,-7,-17]
99251 [0,-1,1,-21662,-1219953]
99289 [1,-1,0,-2063,-35870]
99289 [1,-1,0,-2068,-35685]
99371 [1,0,1,3,15]
99377 [1,-1,1,-48,-116]
99571 [1,0,1,-5,15]
99719 [1,1,1,3,-14]
99817 [1,1,0,-13,-30]
99829 [0,0,1,-109,-438]
99901 [1,1,0,-18,19]
